#
# A fatal error has been detected by the Java Runtime Environment:
#
#  SIGSEGV (0xb) at pc=0x00000001078d55f3, pid=68881, tid=259
#
# JRE version: Java(TM) SE Runtime Environment (17.0.2+8) (build 17.0.2+8-LTS-86)
# Java VM: Java HotSpot(TM) 64-Bit Server VM (17.0.2+8-LTS-86, mixed mode, sharing, tiered, compressed oops, compressed class ptrs, g1 gc, bsd-amd64)
# Problematic frame:
# V  [libjvm.dylib+0x8395f3]  _ZN13MethodHandles17expand_MemberNameE6HandleiP10JavaThread+0x293
#
# No core dump will be written. Core dumps have been disabled. To enable core dumping, try "ulimit -c unlimited" before starting Java again
#
# If you would like to submit a bug report, please visit:
#   https://bugreport.java.com/bugreport/crash.jsp
#

---------------  S U M M A R Y ------------

Command Line: -javaagent:/Applications/IntelliJ IDEA.app/Contents/lib/idea_rt.jar=50154:/Applications/IntelliJ IDEA.app/Contents/bin -Dfile.encoding=UTF-8 --module-path=/Users/tannomisato/.m2/repository/org/openjfx/javafx-graphics/17.0.1/javafx-graphics-17.0.1-mac.jar:/Users/tannomisato/.m2/repository/org/openjfx/javafx-base/17.0.1/javafx-base-17.0.1-mac.jar:/Users/tannomisato/IdeaProjects/BlackJack_CICCC/Blackjack_ver4/target/classes:/Users/tannomisato/.m2/repository/org/openjfx/javafx-media/17.0.1/javafx-media-17.0.1-mac.jar:/Users/tannomisato/.m2/repository/org/openjfx/javafx-controls/17.0.1/javafx-controls-17.0.1-mac.jar:/Users/tannomisato/.m2/repository/org/openjfx/javafx-fxml/17.0.1/javafx-fxml-17.0.1-mac.jar -Djdk.module.main=blackjack blackjack/blackjack.App

Host: "MacBookPro14,1" x86_64 2300 MHz, 4 cores, 8G, Darwin 21.3.0, macOS 12.2.1 (21D62)
Time: Mon Apr  4 17:04:56 2022 PDT elapsed time: 0.778724 seconds (0d 0h 0m 0s)

---------------  T H R E A D  ---------------

Current thread (0x00007fd1b614d600):  JavaThread "JavaFX Application Thread" [_thread_in_vm, id=259, stack(0x00007ff7b97b6000,0x00007ff7b9fb6000)]

Stack: [0x00007ff7b97b6000,0x00007ff7b9fb6000],  sp=0x00007ff7b9fb0600,  free space=8169k
Native frames: (J=compiled Java code, j=interpreted, Vv=VM code, C=native code)
V  [libjvm.dylib+0x8395f3]  _ZN13MethodHandles17expand_MemberNameE6HandleiP10JavaThread+0x293
V  [libjvm.dylib+0x83a876]  MHN_expand_Mem+0x166
j  java.lang.invoke.MethodHandleNatives.expand(Ljava/lang/invoke/MemberName;)V+0 java.base@17.0.2
J 421 c1 java.lang.invoke.MemberName.getMethodType()Ljava/lang/invoke/MethodType; java.base@17.0.2 (211 bytes) @ 0x0000000110efa10c [0x0000000110ef9f00+0x000000000000020c]
J 585 c1 java.lang.invoke.MemberName.checkForTypeAlias(Ljava/lang/Class;)V java.base@17.0.2 (172 bytes) @ 0x0000000110f3477c [0x0000000110f34300+0x000000000000047c]
j  java.lang.invoke.MemberName$Factory.resolve(BLjava/lang/invoke/MemberName;Ljava/lang/Class;IZ)Ljava/lang/invoke/MemberName;+60 java.base@17.0.2
j  java.lang.invoke.MemberName$Factory.resolveOrFail(BLjava/lang/invoke/MemberName;Ljava/lang/Class;ILjava/lang/Class;)Ljava/lang/invoke/MemberName;+31 java.base@17.0.2
j  java.lang.invoke.DirectMethodHandle.makePreparedLambdaForm(Ljava/lang/invoke/MethodType;I)Ljava/lang/invoke/LambdaForm;+330 java.base@17.0.2
j  java.lang.invoke.DirectMethodHandle.preparedLambdaForm(Ljava/lang/invoke/MethodType;I)Ljava/lang/invoke/LambdaForm;+17 java.base@17.0.2
j  java.lang.invoke.DirectMethodHandle.preparedLambdaForm(Ljava/lang/invoke/MemberName;Z)Ljava/lang/invoke/LambdaForm;+159 java.base@17.0.2
j  java.lang.invoke.DirectMethodHandle.preparedLambdaForm(Ljava/lang/invoke/MemberName;)Ljava/lang/invoke/LambdaForm;+2 java.base@17.0.2
j  java.lang.invoke.DirectMethodHandle.make(BLjava/lang/Class;Ljava/lang/invoke/MemberName;Ljava/lang/Class;)Ljava/lang/invoke/DirectMethodHandle;+163 java.base@17.0.2
j  java.lang.invoke.MethodHandles$Lookup.getDirectMethodCommon(BLjava/lang/Class;Ljava/lang/invoke/MemberName;ZZLjava/lang/invoke/MethodHandles$Lookup;)Ljava/lang/invoke/MethodHandle;+210 java.base@17.0.2
j  java.lang.invoke.MethodHandles$Lookup.getDirectMethodNoSecurityManager(BLjava/lang/Class;Ljava/lang/invoke/MemberName;Ljava/lang/invoke/MethodHandles$Lookup;)Ljava/lang/invoke/MethodHandle;+14 java.base@17.0.2
j  java.lang.invoke.MethodHandles$Lookup.getDirectMethodForConstant(BLjava/lang/Class;Ljava/lang/invoke/MemberName;)Ljava/lang/invoke/MethodHandle;+31 java.base@17.0.2
j  java.lang.invoke.MethodHandles$Lookup.linkMethodHandleConstant(BLjava/lang/Class;Ljava/lang/String;Ljava/lang/Object;)Ljava/lang/invoke/MethodHandle;+153 java.base@17.0.2
j  java.lang.invoke.MethodHandleNatives.linkMethodHandleConstant(Ljava/lang/Class;ILjava/lang/Class;Ljava/lang/String;Ljava/lang/Object;)Ljava/lang/invoke/MethodHandle;+38 java.base@17.0.2
v  ~StubRoutines::call_stub
V  [libjvm.dylib+0x5053c1]  _ZN9JavaCalls11call_helperEP9JavaValueRK12methodHandleP17JavaCallArgumentsP10JavaThread+0x2a1
V  [libjvm.dylib+0x504a81]  _ZN9JavaCalls11call_staticEP9JavaValueP5KlassP6SymbolS5_P17JavaCallArgumentsP10JavaThread+0x111
V  [libjvm.dylib+0x9b3b4f]  _ZN16SystemDictionary27link_method_handle_constantEP5KlassiS1_P6SymbolS3_P10JavaThread+0x3ef
V  [libjvm.dylib+0x341122]  _ZN12ConstantPool24resolve_constant_at_implERK18constantPoolHandleiiPbP10JavaThread+0x912
V  [libjvm.dylib+0x341588]  _ZN12ConstantPool32copy_bootstrap_arguments_at_implERK18constantPoolHandleiii14objArrayHandleib6HandleP10JavaThread+0x1b8
V  [libjvm.dylib+0x1c7bd6]  _ZN13BootstrapInfo12resolve_argsEP10JavaThread+0x486
V  [libjvm.dylib+0x1c76ac]  _ZN13BootstrapInfo11resolve_bsmEP10JavaThread+0x26c
V  [libjvm.dylib+0x9b3bfd]  _ZN16SystemDictionary23invoke_bootstrap_methodER13BootstrapInfoP10JavaThread+0x2d
V  [libjvm.dylib+0x71728e]  _ZN12LinkResolver20resolve_dynamic_callER8CallInfoR13BootstrapInfoP10JavaThread+0x1e
V  [libjvm.dylib+0x716c90]  _ZN12LinkResolver21resolve_invokedynamicER8CallInfoRK18constantPoolHandleiP10JavaThread+0x80
V  [libjvm.dylib+0x4feeb4]  _ZN18InterpreterRuntime21resolve_invokedynamicEP10JavaThread+0x174
V  [libjvm.dylib+0x4fef97]  _ZN18InterpreterRuntime18resolve_from_cacheEP10JavaThreadN9Bytecodes4CodeE+0x77
j  com.sun.javafx.tk.quantum.QuantumRenderer.createResourceFactory()V+16 javafx.graphics
j  com.sun.javafx.tk.quantum.QuantumToolkit.runToolkit()V+40 javafx.graphics
j  com.sun.javafx.tk.quantum.QuantumToolkit.lambda$startup$10()V+1 javafx.graphics
j  com.sun.javafx.tk.quantum.QuantumToolkit$$Lambda$72+0x0000000800c2a5e8.run()V+4 javafx.graphics
j  com.sun.glass.ui.Application.lambda$run$1(Ljava/lang/Runnable;)V+4 javafx.graphics
j  com.sun.glass.ui.Application$$Lambda$77+0x0000000800c2c400.run()V+4 javafx.graphics
j  com.sun.glass.ui.mac.MacApplication.lambda$runLoop$3(Ljava/lang/Runnable;)V+12 javafx.graphics
j  com.sun.glass.ui.mac.MacApplication$$Lambda$78+0x0000000800c30000.run()V+8 javafx.graphics
v  ~StubRoutines::call_stub
V  [libjvm.dylib+0x5053c1]  _ZN9JavaCalls11call_helperEP9JavaValueRK12methodHandleP17JavaCallArgumentsP10JavaThread+0x2a1
V  [libjvm.dylib+0x55eb46]  _ZL20jni_invoke_nonstaticP7JNIEnv_P9JavaValueP8_jobject11JNICallTypeP10_jmethodIDP18JNI_ArgumentPusherP10JavaThread+0x2d6
V  [libjvm.dylib+0x562ecd]  jni_CallVoidMethod+0x19d
C  [libglass.dylib+0x8582]  -[GlassApplication applicationWillFinishLaunching:]+0x192
C  [CoreFoundation+0x75f23]  __CFNOTIFICATIONCENTER_IS_CALLING_OUT_TO_AN_OBSERVER__+0xc
C  [CoreFoundation+0x1133f9]  ___CFXRegistrationPost_block_invoke+0x31
C  [CoreFoundation+0x113376]  _CFXRegistrationPost+0x1f0
C  [CoreFoundation+0x47836]  _CFXNotificationPost+0x2dd
C  [Foundation+0x91be]  -[NSNotificationCenter postNotificationName:object:userInfo:]+0x52
C  [AppKit+0x2fbbf]  -[NSApplication finishLaunching]+0x146
C  [AppKit+0x2f7c9]  -[NSApplication run]+0xfa
C  [libglass.dylib+0xa2a5]  -[GlassApplication runLoop:]+0x795
C  [Foundation+0x80b03]  __NSThreadPerformPerform+0xb3
C  [CoreFoundation+0x808fd]  __CFRUNLOOP_IS_CALLING_OUT_TO_A_SOURCE0_PERFORM_FUNCTION__+0x11
C  [CoreFoundation+0x80865]  __CFRunLoopDoSource0+0xb4
C  [CoreFoundation+0x805e4]  __CFRunLoopDoSources0+0xf2
C  [CoreFoundation+0x7f01b]  __CFRunLoopRun+0x37d
C  [CoreFoundation+0x7e5dd]  CFRunLoopRunSpecific+0x233
C  [libjli.dylib+0x70b2]  CreateExecutionEnvironment+0x182
C  [libjli.dylib+0x2c15]  JLI_Launch+0x585
C  [java+0x3c09]  main+0x189
C  0x00000001090ca4fe

Java frames: (J=compiled Java code, j=interpreted, Vv=VM code)
j  java.lang.invoke.MethodHandleNatives.expand(Ljava/lang/invoke/MemberName;)V+0 java.base@17.0.2
J 421 c1 java.lang.invoke.MemberName.getMethodType()Ljava/lang/invoke/MethodType; java.base@17.0.2 (211 bytes) @ 0x0000000110efa10c [0x0000000110ef9f00+0x000000000000020c]
J 585 c1 java.lang.invoke.MemberName.checkForTypeAlias(Ljava/lang/Class;)V java.base@17.0.2 (172 bytes) @ 0x0000000110f3477c [0x0000000110f34300+0x000000000000047c]
j  java.lang.invoke.MemberName$Factory.resolve(BLjava/lang/invoke/MemberName;Ljava/lang/Class;IZ)Ljava/lang/invoke/MemberName;+60 java.base@17.0.2
j  java.lang.invoke.MemberName$Factory.resolveOrFail(BLjava/lang/invoke/MemberName;Ljava/lang/Class;ILjava/lang/Class;)Ljava/lang/invoke/MemberName;+31 java.base@17.0.2
j  java.lang.invoke.DirectMethodHandle.makePreparedLambdaForm(Ljava/lang/invoke/MethodType;I)Ljava/lang/invoke/LambdaForm;+330 java.base@17.0.2
j  java.lang.invoke.DirectMethodHandle.preparedLambdaForm(Ljava/lang/invoke/MethodType;I)Ljava/lang/invoke/LambdaForm;+17 java.base@17.0.2
j  java.lang.invoke.DirectMethodHandle.preparedLambdaForm(Ljava/lang/invoke/MemberName;Z)Ljava/lang/invoke/LambdaForm;+159 java.base@17.0.2
j  java.lang.invoke.DirectMethodHandle.preparedLambdaForm(Ljava/lang/invoke/MemberName;)Ljava/lang/invoke/LambdaForm;+2 java.base@17.0.2
j  java.lang.invoke.DirectMethodHandle.make(BLjava/lang/Class;Ljava/lang/invoke/MemberName;Ljava/lang/Class;)Ljava/lang/invoke/DirectMethodHandle;+163 java.base@17.0.2
j  java.lang.invoke.MethodHandles$Lookup.getDirectMethodCommon(BLjava/lang/Class;Ljava/lang/invoke/MemberName;ZZLjava/lang/invoke/MethodHandles$Lookup;)Ljava/lang/invoke/MethodHandle;+210 java.base@17.0.2
j  java.lang.invoke.MethodHandles$Lookup.getDirectMethodNoSecurityManager(BLjava/lang/Class;Ljava/lang/invoke/MemberName;Ljava/lang/invoke/MethodHandles$Lookup;)Ljava/lang/invoke/MethodHandle;+14 java.base@17.0.2
j  java.lang.invoke.MethodHandles$Lookup.getDirectMethodForConstant(BLjava/lang/Class;Ljava/lang/invoke/MemberName;)Ljava/lang/invoke/MethodHandle;+31 java.base@17.0.2
j  java.lang.invoke.MethodHandles$Lookup.linkMethodHandleConstant(BLjava/lang/Class;Ljava/lang/String;Ljava/lang/Object;)Ljava/lang/invoke/MethodHandle;+153 java.base@17.0.2
j  java.lang.invoke.MethodHandleNatives.linkMethodHandleConstant(Ljava/lang/Class;ILjava/lang/Class;Ljava/lang/String;Ljava/lang/Object;)Ljava/lang/invoke/MethodHandle;+38 java.base@17.0.2
v  ~StubRoutines::call_stub
j  com.sun.javafx.tk.quantum.QuantumRenderer.createResourceFactory()V+16 javafx.graphics
j  com.sun.javafx.tk.quantum.QuantumToolkit.runToolkit()V+40 javafx.graphics
j  com.sun.javafx.tk.quantum.QuantumToolkit.lambda$startup$10()V+1 javafx.graphics
j  com.sun.javafx.tk.quantum.QuantumToolkit$$Lambda$72+0x0000000800c2a5e8.run()V+4 javafx.graphics
j  com.sun.glass.ui.Application.lambda$run$1(Ljava/lang/Runnable;)V+4 javafx.graphics
j  com.sun.glass.ui.Application$$Lambda$77+0x0000000800c2c400.run()V+4 javafx.graphics
j  com.sun.glass.ui.mac.MacApplication.lambda$runLoop$3(Ljava/lang/Runnable;)V+12 javafx.graphics
j  com.sun.glass.ui.mac.MacApplication$$Lambda$78+0x0000000800c30000.run()V+8 javafx.graphics
v  ~StubRoutines::call_stub

siginfo: si_signo: 11 (SIGSEGV), si_code: 1 (SEGV_MAPERR), si_addr: 0x0000000000000006

Register to memory mapping:

RAX=0xfffffffffffffffe is an unknown value
RBX=0x00006000035a2740 points into unknown readable memory: 0x0000001e00000009 | 09 00 00 00 1e 00 00 00
RCX=0x0000000000000008 is an unknown value
RDX=4041877729 is a compressed pointer to object: java.lang.invoke.ResolvedMethodName 
{0x0000000787514708} - klass: 'java/lang/invoke/ResolvedMethodName'
 - ---- fields (total size 3 words):
RSP=0x00007ff7b9fb0600 is pointing into the stack for thread: 0x00007fd1b614d600
RBP=0x00007ff7b9fb0660 is pointing into the stack for thread: 0x00007fd1b614d600
RSI=0x0000000000000008 is an unknown value
RDI=0x0000000787514708 is an oop: java.lang.invoke.ResolvedMethodName 
{0x0000000787514708} - klass: 'java/lang/invoke/ResolvedMethodName'
 - ---- fields (total size 3 words):
R8 =0x000000000041345a is an unknown value
R9 =0xffffffff00000000 is an unknown value
R10=0x00000001108eb50b is at code_begin+843 in an Interpreter codelet
method entry point (kind = native)  [0x00000001108eb1c0, 0x00000001108eba20]  2144 bytes
R11=0x00000007ffe06118 is an oop: java.lang.Class 
{0x00000007ffe06118} - klass: 'java/lang/Class'
 - ---- fields (total size 15 words):
 - private volatile transient 'classRedefinedCount' 'I' @12  0
 - private volatile transient 'cachedConstructor' 'Ljava/lang/reflect/Constructor;' @40  NULL (0)
 - private transient 'name' 'Ljava/lang/String;' @44  NULL (0)
 - private transient 'module' 'Ljava/lang/Module;' @48  a 'java/lang/Module'{0x0000000787f33960} (f0fe672c)
 - private final 'classLoader' 'Ljava/lang/ClassLoader;' @52  NULL (0)
 - private transient 'classData' 'Ljava/lang/Object;' @56  NULL (0)
 - private transient 'packageName' 'Ljava/lang/String;' @60  NULL (0)
 - private final 'componentType' 'Ljava/lang/Class;' @64  NULL (0)
 - private volatile transient 'reflectionData' 'Ljava/lang/ref/SoftReference;' @68  NULL (0)
 - private volatile transient 'genericInfo' 'Lsun/reflect/generics/repository/ClassRepository;' @72  NULL (0)
 - private volatile transient 'enumConstants' '[Ljava/lang/Object;' @76  NULL (0)
 - private volatile transient 'enumConstantDirectory' 'Ljava/util/Map;' @80  NULL (0)
 - private volatile transient 'annotationData' 'Ljava/lang/Class$AnnotationData;' @84  NULL (0)
 - private volatile transient 'annotationType' 'Lsun/reflect/annotation/AnnotationType;' @88  NULL (0)
 - transient 'classValueMap' 'Ljava/lang/ClassValue$ClassValueMap;' @92  NULL (0)
 - signature: Ljava/lang/invoke/MethodHandleNatives;
 - fake entry for mirror: 'java/lang/invoke/MethodHandleNatives'
 - fake entry for array: NULL
 - fake entry for oop_size: 15
 - fake entry for static_oop_field_count: 1
 - private static final 'JLA' 'Ljdk/internal/access/JavaLangAccess;' @112  a 'java/lang/System$2'{0x0000000787f03130} (f0fe0626)
 - static final synthetic '$assertionsDisabled' 'Z' @116  true
R12=0x00007fd1b614d600 is a thread
R13=0x0000600000a91490 points into unknown readable memory: 0x0000000787514708 | 08 47 51 87 07 00 00 00
R14=0xfffffffffffffffe is an unknown value
R15=0x00000007ffe05c01 is pointing into object: java.lang.Class 
{0x00000007ffe05bd8} - klass: 'java/lang/Class'
 - ---- fields (total size 15 words):
 - private volatile transient 'classRedefinedCount' 'I' @12  0
 - private volatile transient 'cachedConstructor' 'Ljava/lang/reflect/Constructor;' @40  NULL (0)
 - private transient 'name' 'Ljava/lang/String;' @44  NULL (0)
 - private transient 'module' 'Ljava/lang/Module;' @48  a 'java/lang/Module'{0x0000000787f33960} (f0fe672c)
 - private final 'classLoader' 'Ljava/lang/ClassLoader;' @52  NULL (0)
 - private transient 'classData' 'Ljava/lang/Object;' @56  NULL (0)
 - private transient 'packageName' 'Ljava/lang/String;' @60  NULL (0)
 - private final 'componentType' 'Ljava/lang/Class;' @64  [I{0x0000000787f00580} (f0fe00b0)
 - private volatile transient 'reflectionData' 'Ljava/lang/ref/SoftReference;' @68  NULL (0)
 - private volatile transient 'genericInfo' 'Lsun/reflect/generics/repository/ClassRepository;' @72  NULL (0)
 - private volatile transient 'enumConstants' '[Ljava/lang/Object;' @76  NULL (0)
 - private volatile transient 'enumConstantDirectory' 'Ljava/util/Map;' @80  NULL (0)
 - private volatile transient 'annotationData' 'Ljava/lang/Class$AnnotationData;' @84  NULL (0)
 - private volatile transient 'annotationType' 'Lsun/reflect/annotation/AnnotationType;' @88  NULL (0)
 - transient 'classValueMap' 'Ljava/lang/ClassValue$ClassValueMap;' @92  NULL (0)
 - signature: Ljava/lang/invoke/MutableCallSite;
 - fake entry for mirror: 'java/lang/invoke/MutableCallSite'
 - fake entry for array: NULL
 - fake entry for oop_size: 15
 - fake entry for static_oop_field_count: 1
 - private static final 'STORE_BARRIER' 'Ljava/util/concurrent/atomic/AtomicInteger;' @112  NULL (0)


Registers:
RAX=0xfffffffffffffffe, RBX=0x00006000035a2740, RCX=0x0000000000000008, RDX=0x00000000f0ea28e1
RSP=0x00007ff7b9fb0600, RBP=0x00007ff7b9fb0660, RSI=0x0000000000000008, RDI=0x0000000787514708
R8 =0x000000000041345a, R9 =0xffffffff00000000, R10=0x00000001108eb50b, R11=0x00000007ffe06118
R12=0x00007fd1b614d600, R13=0x0000600000a91490, R14=0xfffffffffffffffe, R15=0x00000007ffe05c01
RIP=0x00000001078d55f3, EFLAGS=0x0000000000010246, ERR=0x0000000000000004
  TRAPNO=0x000000000000000e

Top of Stack: (sp=0x00007ff7b9fb0600)
0x00007ff7b9fb0600:   0000600000a91490 0000000000000000
0x00007ff7b9fb0610:   00007fd1b614d600 fffffffffffffffe
0x00007ff7b9fb0620:   00007fd1b614d600 00000008006d36c0
0x00007ff7b9fb0630:   00000007ffe05c00 00000008000dcff8
0x00007ff7b9fb0640:   00007fd1b614d600 00000008006d36c0
0x00007ff7b9fb0650:   0000000787514708 00006000020aeac0
0x00007ff7b9fb0660:   00007ff7b9fb0690 00000001078d6876
0x00007ff7b9fb0670:   00000008000dcff8 0000000000000000
0x00007ff7b9fb0680:   00007ff7b9fb0718 00007fd1b614d600
0x00007ff7b9fb0690:   00007ff7b9fb06f8 00000001108eb53a
0x00007ff7b9fb06a0:   0000000110f34320 00000001108eb276
0x00007ff7b9fb06b0:   00007ff7b9fb06b0 00000008006d36c0
0x00007ff7b9fb06c0:   00007ff7b9fb0718 00000008000db0c0
0x00007ff7b9fb06d0:   0000000000000000 00000007ffe06118
0x00007ff7b9fb06e0:   00000008000dcff8 0000000000000000
0x00007ff7b9fb06f0:   00007ff7b9fb0720 00007ff7b9fb0918
0x00007ff7b9fb0700:   0000000110efa10c 00000007ffe06118
0x00007ff7b9fb0710:   00000001108e8f78 0000000787514708
0x00007ff7b9fb0720:   00000001085c1288 00007fd1b614d600
0x00007ff7b9fb0730:   fffffffe00000000 0000000000000000
0x00007ff7b9fb0740:   00007fd1b614d600 00007ff7b9fb0960
0x00007ff7b9fb0750:   00007ff7b9fb08c0 0000000000000000
0x00007ff7b9fb0760:   0000000110f34320 0000000107d44ca0
0x00007ff7b9fb0770:   ffffffff00000000 000000010854d978
0x00007ff7b9fb0780:   0000000787514708 0000000787514708
0x00007ff7b9fb0790:   00007ff7b9fb07d0 0000000787514708
0x00007ff7b9fb07a0:   00000008000d96c8 00000007ffe05cc0
0x00007ff7b9fb07b0:   0000000000000001 0000000110ef9f20
0x00007ff7b9fb07c0:   00007ff7b9fb1040 0000000000000202
0x00007ff7b9fb07d0:   00007ff7b9fb0918 0000000110f3477c
0x00007ff7b9fb07e0:   ffffffff00000000 00000008000dcbe0
0x00007ff7b9fb07f0:   0000000000000000 00000008006d32b0 

Instructions: (pc=0x00000001078d55f3)
0x00000001078d54f3:   00 00 00 ff 15 14 ce 40 00 48 89 c6 e9 d9 00 00
0x00000001078d5503:   00 48 8b 45 a0 48 85 c0 88 4d d0 45 89 f4 74 72
0x00000001078d5513:   49 89 c7 48 8b 38 e8 f2 48 cd ff 48 85 c0 74 71
0x00000001078d5523:   48 8d 0d 36 e3 44 00 8b 31 48 89 c7 e8 dc b2 03
0x00000001078d5533:   00 49 89 c6 4d 85 ff 0f 84 ea 00 00 00 4d 89 fd
0x00000001078d5543:   49 8b 3f e9 e4 00 00 00 31 ff e8 1e 45 cd ff 48
0x00000001078d5553:   85 c0 4c 8b 65 b0 0f 85 30 ff ff ff 48 8d 05 8a
0x00000001078d5563:   2e 46 00 48 8b 88 38 04 00 00 48 8d 35 e9 3f 2f
0x00000001078d5573:   00 4c 8d 05 c1 41 2f 00 4c 89 e7 ba 70 03 00 00
0x00000001078d5583:   eb 34 49 89 c7 31 ff e8 81 48 cd ff 48 85 c0 75
0x00000001078d5593:   8f 48 8d 05 55 2e 46 00 48 8b 88 38 04 00 00 48
0x00000001078d55a3:   8d 35 b4 3f 2f 00 4c 8d 05 9e 41 2f 00 48 8b 7d
0x00000001078d55b3:   b0 ba 87 03 00 00 48 83 c4 38 5b 41 5c 41 5d 41
0x00000001078d55c3:   5e 41 5f 5d e9 54 74 ba ff 31 db 48 8b 78 70 48
0x00000001078d55d3:   85 ff 0f 85 1b ff ff ff 31 f6 48 89 df e8 1b 6f
0x00000001078d55e3:   cd ff 80 7d a8 00 0f 85 2c 01 00 00 48 8b 45 b8
0x00000001078d55f3:   48 8b 40 08 48 8b 48 08 0f b7 40 22 48 8b 7c c1
0x00000001078d5603:   48 4c 89 e6 e8 14 69 11 00 49 83 7c 24 08 00 0f
0x00000001078d5613:   85 4c 01 00 00 4d 85 ed 0f 84 f0 00 00 00 49 8b
0x00000001078d5623:   7d 00 e9 e9 00 00 00 4d 89 fd 31 ff e8 dc 6f cd
0x00000001078d5633:   ff 83 e3 08 c1 eb 03 c7 45 b8 00 00 00 00 4c 8d
0x00000001078d5643:   7d c0 48 c7 45 c0 00 00 00 00 48 c7 45 c8 00 00
0x00000001078d5653:   00 00 48 8d 4d b8 4c 89 f7 89 c6 89 da e8 bb ad
0x00000001078d5663:   ca ff 84 c0 74 74 45 84 e4 4c 8b 75 b0 0f 85 10
0x00000001078d5673:   01 00 00 48 8b 45 c0 48 8b 48 18 48 63 55 bc 48
0x00000001078d5683:   8b 89 c8 01 00 00 48 8d 14 52 0f b7 74 91 06 0f
0x00000001078d5693:   b7 4c 91 04 48 8d 14 f5 00 00 00 00 48 03 15 92
0x00000001078d56a3:   aa 34 00 f7 c1 00 04 00 00 48 8d 44 f0 48 48 0f
0x00000001078d56b3:   45 c2 48 8b 38 4c 89 f6 e8 60 68 11 00 49 83 7e
0x00000001078d56c3:   08 00 0f 85 59 02 00 00 4d 85 ed 0f 84 a8 00 00
0x00000001078d56d3:   00 49 8b 7d 00 e9 a1 00 00 00 4c 89 ff e8 7b ba
0x00000001078d56e3:   c6 ff 48 8d 05 04 2d 46 00 48 8b 88 28 05 00 00 


Stack slot to memory mapping:
stack at sp + 0 slots: 0x0000600000a91490 points into unknown readable memory: 0x0000000787514708 | 08 47 51 87 07 00 00 00
stack at sp + 1 slots: 0x0 is NULL
stack at sp + 2 slots: 0x00007fd1b614d600 is a thread
stack at sp + 3 slots: 0xfffffffffffffffe is an unknown value
stack at sp + 4 slots: 0x00007fd1b614d600 is a thread
stack at sp + 5 slots: 0x00000008006d36c0 is pointing into metadata
stack at sp + 6 slots: 0x00000007ffe05c00 is pointing into object: java.lang.Class 
{0x00000007ffe05bd8} - klass: 'java/lang/Class'
 - ---- fields (total size 15 words):
 - private volatile transient 'classRedefinedCount' 'I' @12  0
 - private volatile transient 'cachedConstructor' 'Ljava/lang/reflect/Constructor;' @40  NULL (0)
 - private transient 'name' 'Ljava/lang/String;' @44  NULL (0)
 - private transient 'module' 'Ljava/lang/Module;' @48  a 'java/lang/Module'{0x0000000787f33960} (f0fe672c)
 - private final 'classLoader' 'Ljava/lang/ClassLoader;' @52  NULL (0)
 - private transient 'classData' 'Ljava/lang/Object;' @56  NULL (0)
 - private transient 'packageName' 'Ljava/lang/String;' @60  NULL (0)
 - private final 'componentType' 'Ljava/lang/Class;' @64  [I{0x0000000787f00580} (f0fe00b0)
 - private volatile transient 'reflectionData' 'Ljava/lang/ref/SoftReference;' @68  NULL (0)
 - private volatile transient 'genericInfo' 'Lsun/reflect/generics/repository/ClassRepository;' @72  NULL (0)
 - private volatile transient 'enumConstants' '[Ljava/lang/Object;' @76  NULL (0)
 - private volatile transient 'enumConstantDirectory' 'Ljava/util/Map;' @80  NULL (0)
 - private volatile transient 'annotationData' 'Ljava/lang/Class$AnnotationData;' @84  NULL (0)
 - private volatile transient 'annotationType' 'Lsun/reflect/annotation/AnnotationType;' @88  NULL (0)
 - transient 'classValueMap' 'Ljava/lang/ClassValue$ClassValueMap;' @92  NULL (0)
 - signature: Ljava/lang/invoke/MutableCallSite;
 - fake entry for mirror: 'java/lang/invoke/MutableCallSite'
 - fake entry for array: NULL
 - fake entry for oop_size: 15
 - fake entry for static_oop_field_count: 1
 - private static final 'STORE_BARRIER' 'Ljava/util/concurrent/atomic/AtomicInteger;' @112  NULL (0)
stack at sp + 7 slots: {method} {0x00000008000dcff8} 'expand' '(Ljava/lang/invoke/MemberName;)V' in 'java/lang/invoke/MethodHandleNatives'


---------------  P R O C E S S  ---------------

Threads class SMR info:
_java_thread_list=0x00006000035df8e0, length=15, elements={
0x00007fd1b6008800, 0x00007fd1b500d000, 0x00007fd1b604ba00, 0x00007fd1b7812a00,
0x00007fd1b6052800, 0x00007fd1b500dc00, 0x00007fd1b604e400, 0x00007fd1b681ba00,
0x00007fd1b7813000, 0x00007fd1b7812200, 0x00007fd1b5010800, 0x00007fd1b50d7400,
0x00007fd1b6057000, 0x00007fd1b604dc00, 0x00007fd1b614d600
}

Java Threads: ( => current thread )
  0x00007fd1b6008800 JavaThread "main" [_thread_blocked, id=9987, stack(0x000070000c094000,0x000070000c194000)]
  0x00007fd1b500d000 JavaThread "Reference Handler" daemon [_thread_blocked, id=16643, stack(0x000070000c7a9000,0x000070000c8a9000)]
  0x00007fd1b604ba00 JavaThread "Finalizer" daemon [_thread_blocked, id=15619, stack(0x000070000c8ac000,0x000070000c9ac000)]
  0x00007fd1b7812a00 JavaThread "Signal Dispatcher" daemon [_thread_blocked, id=42243, stack(0x000070000cab5000,0x000070000cbb5000)]
  0x00007fd1b6052800 JavaThread "Service Thread" daemon [_thread_blocked, id=23043, stack(0x000070000cbb8000,0x000070000ccb8000)]
  0x00007fd1b500dc00 JavaThread "Monitor Deflation Thread" daemon [_thread_blocked, id=23299, stack(0x000070000ccbb000,0x000070000cdbb000)]
  0x00007fd1b604e400 JavaThread "C2 CompilerThread0" daemon [_thread_blocked, id=23811, stack(0x000070000cdbe000,0x000070000cebe000)]
  0x00007fd1b681ba00 JavaThread "C1 CompilerThread0" daemon [_thread_blocked, id=41731, stack(0x000070000cec1000,0x000070000cfc1000)]
  0x00007fd1b7813000 JavaThread "Sweeper thread" daemon [_thread_blocked, id=41219, stack(0x000070000cfc4000,0x000070000d0c4000)]
  0x00007fd1b7812200 JavaThread "Common-Cleaner" daemon [_thread_blocked, id=24323, stack(0x000070000d0c7000,0x000070000d1c7000)]
  0x00007fd1b5010800 JavaThread "Monitor Ctrl-Break" daemon [_thread_in_native, id=24835, stack(0x000070000d1ca000,0x000070000d2ca000)]
  0x00007fd1b50d7400 JavaThread "Notification Thread" daemon [_thread_blocked, id=40707, stack(0x000070000d2cd000,0x000070000d3cd000)]
  0x00007fd1b6057000 JavaThread "QuantumRenderer-0" daemon [_thread_blocked, id=40195, stack(0x000070000d4d3000,0x000070000d5d3000)]
  0x00007fd1b604dc00 JavaThread "InvokeLaterDispatcher" daemon [_thread_blocked, id=35343, stack(0x000070000d5d6000,0x000070000d6d6000)]
=>0x00007fd1b614d600 JavaThread "JavaFX Application Thread" [_thread_in_vm, id=259, stack(0x00007ff7b97b6000,0x00007ff7b9fb6000)]

Other Threads:
  0x00007fd1b59094f0 VMThread "VM Thread" [stack: 0x000070000c6a6000,0x000070000c7a6000] [id=17155]
  0x00007fd1b590c850 WatcherThread [stack: 0x000070000d3d0000,0x000070000d4d0000] [id=25603]
  0x00007fd1b59064e0 GCTaskThread "GC Thread#0" [stack: 0x000070000c197000,0x000070000c297000] [id=20227]
  0x00007fd1b5906b80 ConcurrentGCThread "G1 Main Marker" [stack: 0x000070000c29a000,0x000070000c39a000] [id=13059]
  0x00007fd1b5907400 ConcurrentGCThread "G1 Conc#0" [stack: 0x000070000c39d000,0x000070000c49d000] [id=13571]
  0x00007fd1b5908c60 ConcurrentGCThread "G1 Refine#0" [stack: 0x000070000c4a0000,0x000070000c5a0000] [id=19203]
  0x00007fd1b5806650 ConcurrentGCThread "G1 Service" [stack: 0x000070000c5a3000,0x000070000c6a3000] [id=18691]

Threads with active compile tasks:

VM state: not at safepoint (normal execution)

VM Mutex/Monitor currently owned by a thread: None

Heap address: 0x0000000780000000, size: 2048 MB, Compressed Oops mode: Zero based, Oop shift amount: 3

CDS archive(s) mapped at: [0x0000000800000000-0x0000000800bd8000-0x0000000800bd8000), size 12419072, SharedBaseAddress: 0x0000000800000000, ArchiveRelocationMode: 0.
Compressed class space mapped at: 0x0000000800c00000-0x0000000840c00000, reserved size: 1073741824
Narrow klass base: 0x0000000800000000, Narrow klass shift: 0, Narrow klass range: 0x100000000

GC Precious Log:
 CPUs: 4 total, 4 available
 Memory: 8192M
 Large Page Support: Disabled
 NUMA Support: Disabled
 Compressed Oops: Enabled (Zero based)
 Heap Region Size: 1M
 Heap Min Capacity: 8M
 Heap Initial Capacity: 128M
 Heap Max Capacity: 2G
 Pre-touch: Disabled
 Parallel Workers: 4
 Concurrent Workers: 1
 Concurrent Refinement Workers: 4
 Periodic GC: Disabled

Heap:
 garbage-first heap   total 133120K, used 11220K [0x0000000780000000, 0x0000000800000000)
  region size 1024K, 11 young (11264K), 0 survivors (0K)
 Metaspace       used 3298K, committed 3520K, reserved 1056768K
  class space    used 368K, committed 448K, reserved 1048576K

Heap Regions: E=young(eden), S=young(survivor), O=old, HS=humongous(starts), HC=humongous(continues), CS=collection set, F=free, OA=open archive, CA=closed archive, TAMS=top-at-mark-start (previous, next)
|   0|0x0000000780000000, 0x0000000780000000, 0x0000000780100000|  0%| F|  |TAMS 0x0000000780000000, 0x0000000780000000| Untracked 
|   1|0x0000000780100000, 0x0000000780100000, 0x0000000780200000|  0%| F|  |TAMS 0x0000000780100000, 0x0000000780100000| Untracked 
|   2|0x0000000780200000, 0x0000000780200000, 0x0000000780300000|  0%| F|  |TAMS 0x0000000780200000, 0x0000000780200000| Untracked 
|   3|0x0000000780300000, 0x0000000780300000, 0x0000000780400000|  0%| F|  |TAMS 0x0000000780300000, 0x0000000780300000| Untracked 
|   4|0x0000000780400000, 0x0000000780400000, 0x0000000780500000|  0%| F|  |TAMS 0x0000000780400000, 0x0000000780400000| Untracked 
|   5|0x0000000780500000, 0x0000000780500000, 0x0000000780600000|  0%| F|  |TAMS 0x0000000780500000, 0x0000000780500000| Untracked 
|   6|0x0000000780600000, 0x0000000780600000, 0x0000000780700000|  0%| F|  |TAMS 0x0000000780600000, 0x0000000780600000| Untracked 
|   7|0x0000000780700000, 0x0000000780700000, 0x0000000780800000|  0%| F|  |TAMS 0x0000000780700000, 0x0000000780700000| Untracked 
|   8|0x0000000780800000, 0x0000000780800000, 0x0000000780900000|  0%| F|  |TAMS 0x0000000780800000, 0x0000000780800000| Untracked 
|   9|0x0000000780900000, 0x0000000780900000, 0x0000000780a00000|  0%| F|  |TAMS 0x0000000780900000, 0x0000000780900000| Untracked 
|  10|0x0000000780a00000, 0x0000000780a00000, 0x0000000780b00000|  0%| F|  |TAMS 0x0000000780a00000, 0x0000000780a00000| Untracked 
|  11|0x0000000780b00000, 0x0000000780b00000, 0x0000000780c00000|  0%| F|  |TAMS 0x0000000780b00000, 0x0000000780b00000| Untracked 
|  12|0x0000000780c00000, 0x0000000780c00000, 0x0000000780d00000|  0%| F|  |TAMS 0x0000000780c00000, 0x0000000780c00000| Untracked 
|  13|0x0000000780d00000, 0x0000000780d00000, 0x0000000780e00000|  0%| F|  |TAMS 0x0000000780d00000, 0x0000000780d00000| Untracked 
|  14|0x0000000780e00000, 0x0000000780e00000, 0x0000000780f00000|  0%| F|  |TAMS 0x0000000780e00000, 0x0000000780e00000| Untracked 
|  15|0x0000000780f00000, 0x0000000780f00000, 0x0000000781000000|  0%| F|  |TAMS 0x0000000780f00000, 0x0000000780f00000| Untracked 
|  16|0x0000000781000000, 0x0000000781000000, 0x0000000781100000|  0%| F|  |TAMS 0x0000000781000000, 0x0000000781000000| Untracked 
|  17|0x0000000781100000, 0x0000000781100000, 0x0000000781200000|  0%| F|  |TAMS 0x0000000781100000, 0x0000000781100000| Untracked 
|  18|0x0000000781200000, 0x0000000781200000, 0x0000000781300000|  0%| F|  |TAMS 0x0000000781200000, 0x0000000781200000| Untracked 
|  19|0x0000000781300000, 0x0000000781300000, 0x0000000781400000|  0%| F|  |TAMS 0x0000000781300000, 0x0000000781300000| Untracked 
|  20|0x0000000781400000, 0x0000000781400000, 0x0000000781500000|  0%| F|  |TAMS 0x0000000781400000, 0x0000000781400000| Untracked 
|  21|0x0000000781500000, 0x0000000781500000, 0x0000000781600000|  0%| F|  |TAMS 0x0000000781500000, 0x0000000781500000| Untracked 
|  22|0x0000000781600000, 0x0000000781600000, 0x0000000781700000|  0%| F|  |TAMS 0x0000000781600000, 0x0000000781600000| Untracked 
|  23|0x0000000781700000, 0x0000000781700000, 0x0000000781800000|  0%| F|  |TAMS 0x0000000781700000, 0x0000000781700000| Untracked 
|  24|0x0000000781800000, 0x0000000781800000, 0x0000000781900000|  0%| F|  |TAMS 0x0000000781800000, 0x0000000781800000| Untracked 
|  25|0x0000000781900000, 0x0000000781900000, 0x0000000781a00000|  0%| F|  |TAMS 0x0000000781900000, 0x0000000781900000| Untracked 
|  26|0x0000000781a00000, 0x0000000781a00000, 0x0000000781b00000|  0%| F|  |TAMS 0x0000000781a00000, 0x0000000781a00000| Untracked 
|  27|0x0000000781b00000, 0x0000000781b00000, 0x0000000781c00000|  0%| F|  |TAMS 0x0000000781b00000, 0x0000000781b00000| Untracked 
|  28|0x0000000781c00000, 0x0000000781c00000, 0x0000000781d00000|  0%| F|  |TAMS 0x0000000781c00000, 0x0000000781c00000| Untracked 
|  29|0x0000000781d00000, 0x0000000781d00000, 0x0000000781e00000|  0%| F|  |TAMS 0x0000000781d00000, 0x0000000781d00000| Untracked 
|  30|0x0000000781e00000, 0x0000000781e00000, 0x0000000781f00000|  0%| F|  |TAMS 0x0000000781e00000, 0x0000000781e00000| Untracked 
|  31|0x0000000781f00000, 0x0000000781f00000, 0x0000000782000000|  0%| F|  |TAMS 0x0000000781f00000, 0x0000000781f00000| Untracked 
|  32|0x0000000782000000, 0x0000000782000000, 0x0000000782100000|  0%| F|  |TAMS 0x0000000782000000, 0x0000000782000000| Untracked 
|  33|0x0000000782100000, 0x0000000782100000, 0x0000000782200000|  0%| F|  |TAMS 0x0000000782100000, 0x0000000782100000| Untracked 
|  34|0x0000000782200000, 0x0000000782200000, 0x0000000782300000|  0%| F|  |TAMS 0x0000000782200000, 0x0000000782200000| Untracked 
|  35|0x0000000782300000, 0x0000000782300000, 0x0000000782400000|  0%| F|  |TAMS 0x0000000782300000, 0x0000000782300000| Untracked 
|  36|0x0000000782400000, 0x0000000782400000, 0x0000000782500000|  0%| F|  |TAMS 0x0000000782400000, 0x0000000782400000| Untracked 
|  37|0x0000000782500000, 0x0000000782500000, 0x0000000782600000|  0%| F|  |TAMS 0x0000000782500000, 0x0000000782500000| Untracked 
|  38|0x0000000782600000, 0x0000000782600000, 0x0000000782700000|  0%| F|  |TAMS 0x0000000782600000, 0x0000000782600000| Untracked 
|  39|0x0000000782700000, 0x0000000782700000, 0x0000000782800000|  0%| F|  |TAMS 0x0000000782700000, 0x0000000782700000| Untracked 
|  40|0x0000000782800000, 0x0000000782800000, 0x0000000782900000|  0%| F|  |TAMS 0x0000000782800000, 0x0000000782800000| Untracked 
|  41|0x0000000782900000, 0x0000000782900000, 0x0000000782a00000|  0%| F|  |TAMS 0x0000000782900000, 0x0000000782900000| Untracked 
|  42|0x0000000782a00000, 0x0000000782a00000, 0x0000000782b00000|  0%| F|  |TAMS 0x0000000782a00000, 0x0000000782a00000| Untracked 
|  43|0x0000000782b00000, 0x0000000782b00000, 0x0000000782c00000|  0%| F|  |TAMS 0x0000000782b00000, 0x0000000782b00000| Untracked 
|  44|0x0000000782c00000, 0x0000000782c00000, 0x0000000782d00000|  0%| F|  |TAMS 0x0000000782c00000, 0x0000000782c00000| Untracked 
|  45|0x0000000782d00000, 0x0000000782d00000, 0x0000000782e00000|  0%| F|  |TAMS 0x0000000782d00000, 0x0000000782d00000| Untracked 
|  46|0x0000000782e00000, 0x0000000782e00000, 0x0000000782f00000|  0%| F|  |TAMS 0x0000000782e00000, 0x0000000782e00000| Untracked 
|  47|0x0000000782f00000, 0x0000000782f00000, 0x0000000783000000|  0%| F|  |TAMS 0x0000000782f00000, 0x0000000782f00000| Untracked 
|  48|0x0000000783000000, 0x0000000783000000, 0x0000000783100000|  0%| F|  |TAMS 0x0000000783000000, 0x0000000783000000| Untracked 
|  49|0x0000000783100000, 0x0000000783100000, 0x0000000783200000|  0%| F|  |TAMS 0x0000000783100000, 0x0000000783100000| Untracked 
|  50|0x0000000783200000, 0x0000000783200000, 0x0000000783300000|  0%| F|  |TAMS 0x0000000783200000, 0x0000000783200000| Untracked 
|  51|0x0000000783300000, 0x0000000783300000, 0x0000000783400000|  0%| F|  |TAMS 0x0000000783300000, 0x0000000783300000| Untracked 
|  52|0x0000000783400000, 0x0000000783400000, 0x0000000783500000|  0%| F|  |TAMS 0x0000000783400000, 0x0000000783400000| Untracked 
|  53|0x0000000783500000, 0x0000000783500000, 0x0000000783600000|  0%| F|  |TAMS 0x0000000783500000, 0x0000000783500000| Untracked 
|  54|0x0000000783600000, 0x0000000783600000, 0x0000000783700000|  0%| F|  |TAMS 0x0000000783600000, 0x0000000783600000| Untracked 
|  55|0x0000000783700000, 0x0000000783700000, 0x0000000783800000|  0%| F|  |TAMS 0x0000000783700000, 0x0000000783700000| Untracked 
|  56|0x0000000783800000, 0x0000000783800000, 0x0000000783900000|  0%| F|  |TAMS 0x0000000783800000, 0x0000000783800000| Untracked 
|  57|0x0000000783900000, 0x0000000783900000, 0x0000000783a00000|  0%| F|  |TAMS 0x0000000783900000, 0x0000000783900000| Untracked 
|  58|0x0000000783a00000, 0x0000000783a00000, 0x0000000783b00000|  0%| F|  |TAMS 0x0000000783a00000, 0x0000000783a00000| Untracked 
|  59|0x0000000783b00000, 0x0000000783b00000, 0x0000000783c00000|  0%| F|  |TAMS 0x0000000783b00000, 0x0000000783b00000| Untracked 
|  60|0x0000000783c00000, 0x0000000783c00000, 0x0000000783d00000|  0%| F|  |TAMS 0x0000000783c00000, 0x0000000783c00000| Untracked 
|  61|0x0000000783d00000, 0x0000000783d00000, 0x0000000783e00000|  0%| F|  |TAMS 0x0000000783d00000, 0x0000000783d00000| Untracked 
|  62|0x0000000783e00000, 0x0000000783e00000, 0x0000000783f00000|  0%| F|  |TAMS 0x0000000783e00000, 0x0000000783e00000| Untracked 
|  63|0x0000000783f00000, 0x0000000783f00000, 0x0000000784000000|  0%| F|  |TAMS 0x0000000783f00000, 0x0000000783f00000| Untracked 
|  64|0x0000000784000000, 0x0000000784000000, 0x0000000784100000|  0%| F|  |TAMS 0x0000000784000000, 0x0000000784000000| Untracked 
|  65|0x0000000784100000, 0x0000000784100000, 0x0000000784200000|  0%| F|  |TAMS 0x0000000784100000, 0x0000000784100000| Untracked 
|  66|0x0000000784200000, 0x0000000784200000, 0x0000000784300000|  0%| F|  |TAMS 0x0000000784200000, 0x0000000784200000| Untracked 
|  67|0x0000000784300000, 0x0000000784300000, 0x0000000784400000|  0%| F|  |TAMS 0x0000000784300000, 0x0000000784300000| Untracked 
|  68|0x0000000784400000, 0x0000000784400000, 0x0000000784500000|  0%| F|  |TAMS 0x0000000784400000, 0x0000000784400000| Untracked 
|  69|0x0000000784500000, 0x0000000784500000, 0x0000000784600000|  0%| F|  |TAMS 0x0000000784500000, 0x0000000784500000| Untracked 
|  70|0x0000000784600000, 0x0000000784600000, 0x0000000784700000|  0%| F|  |TAMS 0x0000000784600000, 0x0000000784600000| Untracked 
|  71|0x0000000784700000, 0x0000000784700000, 0x0000000784800000|  0%| F|  |TAMS 0x0000000784700000, 0x0000000784700000| Untracked 
|  72|0x0000000784800000, 0x0000000784800000, 0x0000000784900000|  0%| F|  |TAMS 0x0000000784800000, 0x0000000784800000| Untracked 
|  73|0x0000000784900000, 0x0000000784900000, 0x0000000784a00000|  0%| F|  |TAMS 0x0000000784900000, 0x0000000784900000| Untracked 
|  74|0x0000000784a00000, 0x0000000784a00000, 0x0000000784b00000|  0%| F|  |TAMS 0x0000000784a00000, 0x0000000784a00000| Untracked 
|  75|0x0000000784b00000, 0x0000000784b00000, 0x0000000784c00000|  0%| F|  |TAMS 0x0000000784b00000, 0x0000000784b00000| Untracked 
|  76|0x0000000784c00000, 0x0000000784c00000, 0x0000000784d00000|  0%| F|  |TAMS 0x0000000784c00000, 0x0000000784c00000| Untracked 
|  77|0x0000000784d00000, 0x0000000784d00000, 0x0000000784e00000|  0%| F|  |TAMS 0x0000000784d00000, 0x0000000784d00000| Untracked 
|  78|0x0000000784e00000, 0x0000000784e00000, 0x0000000784f00000|  0%| F|  |TAMS 0x0000000784e00000, 0x0000000784e00000| Untracked 
|  79|0x0000000784f00000, 0x0000000784f00000, 0x0000000785000000|  0%| F|  |TAMS 0x0000000784f00000, 0x0000000784f00000| Untracked 
|  80|0x0000000785000000, 0x0000000785000000, 0x0000000785100000|  0%| F|  |TAMS 0x0000000785000000, 0x0000000785000000| Untracked 
|  81|0x0000000785100000, 0x0000000785100000, 0x0000000785200000|  0%| F|  |TAMS 0x0000000785100000, 0x0000000785100000| Untracked 
|  82|0x0000000785200000, 0x0000000785200000, 0x0000000785300000|  0%| F|  |TAMS 0x0000000785200000, 0x0000000785200000| Untracked 
|  83|0x0000000785300000, 0x0000000785300000, 0x0000000785400000|  0%| F|  |TAMS 0x0000000785300000, 0x0000000785300000| Untracked 
|  84|0x0000000785400000, 0x0000000785400000, 0x0000000785500000|  0%| F|  |TAMS 0x0000000785400000, 0x0000000785400000| Untracked 
|  85|0x0000000785500000, 0x0000000785500000, 0x0000000785600000|  0%| F|  |TAMS 0x0000000785500000, 0x0000000785500000| Untracked 
|  86|0x0000000785600000, 0x0000000785600000, 0x0000000785700000|  0%| F|  |TAMS 0x0000000785600000, 0x0000000785600000| Untracked 
|  87|0x0000000785700000, 0x0000000785700000, 0x0000000785800000|  0%| F|  |TAMS 0x0000000785700000, 0x0000000785700000| Untracked 
|  88|0x0000000785800000, 0x0000000785800000, 0x0000000785900000|  0%| F|  |TAMS 0x0000000785800000, 0x0000000785800000| Untracked 
|  89|0x0000000785900000, 0x0000000785900000, 0x0000000785a00000|  0%| F|  |TAMS 0x0000000785900000, 0x0000000785900000| Untracked 
|  90|0x0000000785a00000, 0x0000000785a00000, 0x0000000785b00000|  0%| F|  |TAMS 0x0000000785a00000, 0x0000000785a00000| Untracked 
|  91|0x0000000785b00000, 0x0000000785b00000, 0x0000000785c00000|  0%| F|  |TAMS 0x0000000785b00000, 0x0000000785b00000| Untracked 
|  92|0x0000000785c00000, 0x0000000785c00000, 0x0000000785d00000|  0%| F|  |TAMS 0x0000000785c00000, 0x0000000785c00000| Untracked 
|  93|0x0000000785d00000, 0x0000000785d00000, 0x0000000785e00000|  0%| F|  |TAMS 0x0000000785d00000, 0x0000000785d00000| Untracked 
|  94|0x0000000785e00000, 0x0000000785e00000, 0x0000000785f00000|  0%| F|  |TAMS 0x0000000785e00000, 0x0000000785e00000| Untracked 
|  95|0x0000000785f00000, 0x0000000785f00000, 0x0000000786000000|  0%| F|  |TAMS 0x0000000785f00000, 0x0000000785f00000| Untracked 
|  96|0x0000000786000000, 0x0000000786000000, 0x0000000786100000|  0%| F|  |TAMS 0x0000000786000000, 0x0000000786000000| Untracked 
|  97|0x0000000786100000, 0x0000000786100000, 0x0000000786200000|  0%| F|  |TAMS 0x0000000786100000, 0x0000000786100000| Untracked 
|  98|0x0000000786200000, 0x0000000786200000, 0x0000000786300000|  0%| F|  |TAMS 0x0000000786200000, 0x0000000786200000| Untracked 
|  99|0x0000000786300000, 0x0000000786300000, 0x0000000786400000|  0%| F|  |TAMS 0x0000000786300000, 0x0000000786300000| Untracked 
| 100|0x0000000786400000, 0x0000000786400000, 0x0000000786500000|  0%| F|  |TAMS 0x0000000786400000, 0x0000000786400000| Untracked 
| 101|0x0000000786500000, 0x0000000786500000, 0x0000000786600000|  0%| F|  |TAMS 0x0000000786500000, 0x0000000786500000| Untracked 
| 102|0x0000000786600000, 0x0000000786600000, 0x0000000786700000|  0%| F|  |TAMS 0x0000000786600000, 0x0000000786600000| Untracked 
| 103|0x0000000786700000, 0x0000000786700000, 0x0000000786800000|  0%| F|  |TAMS 0x0000000786700000, 0x0000000786700000| Untracked 
| 104|0x0000000786800000, 0x0000000786800000, 0x0000000786900000|  0%| F|  |TAMS 0x0000000786800000, 0x0000000786800000| Untracked 
| 105|0x0000000786900000, 0x0000000786900000, 0x0000000786a00000|  0%| F|  |TAMS 0x0000000786900000, 0x0000000786900000| Untracked 
| 106|0x0000000786a00000, 0x0000000786a00000, 0x0000000786b00000|  0%| F|  |TAMS 0x0000000786a00000, 0x0000000786a00000| Untracked 
| 107|0x0000000786b00000, 0x0000000786b00000, 0x0000000786c00000|  0%| F|  |TAMS 0x0000000786b00000, 0x0000000786b00000| Untracked 
| 108|0x0000000786c00000, 0x0000000786c00000, 0x0000000786d00000|  0%| F|  |TAMS 0x0000000786c00000, 0x0000000786c00000| Untracked 
| 109|0x0000000786d00000, 0x0000000786d00000, 0x0000000786e00000|  0%| F|  |TAMS 0x0000000786d00000, 0x0000000786d00000| Untracked 
| 110|0x0000000786e00000, 0x0000000786e00000, 0x0000000786f00000|  0%| F|  |TAMS 0x0000000786e00000, 0x0000000786e00000| Untracked 
| 111|0x0000000786f00000, 0x0000000786f00000, 0x0000000787000000|  0%| F|  |TAMS 0x0000000786f00000, 0x0000000786f00000| Untracked 
| 112|0x0000000787000000, 0x0000000787000000, 0x0000000787100000|  0%| F|  |TAMS 0x0000000787000000, 0x0000000787000000| Untracked 
| 113|0x0000000787100000, 0x0000000787100000, 0x0000000787200000|  0%| F|  |TAMS 0x0000000787100000, 0x0000000787100000| Untracked 
| 114|0x0000000787200000, 0x0000000787200000, 0x0000000787300000|  0%| F|  |TAMS 0x0000000787200000, 0x0000000787200000| Untracked 
| 115|0x0000000787300000, 0x0000000787300000, 0x0000000787400000|  0%| F|  |TAMS 0x0000000787300000, 0x0000000787300000| Untracked 
| 116|0x0000000787400000, 0x0000000787400000, 0x0000000787500000|  0%| F|  |TAMS 0x0000000787400000, 0x0000000787400000| Untracked 
| 117|0x0000000787500000, 0x00000007875c8898, 0x0000000787600000| 78%| E|  |TAMS 0x0000000787500000, 0x0000000787500000| Complete 
| 118|0x0000000787600000, 0x0000000787700000, 0x0000000787700000|100%| E|CS|TAMS 0x0000000787600000, 0x0000000787600000| Complete 
| 119|0x0000000787700000, 0x0000000787800000, 0x0000000787800000|100%| E|CS|TAMS 0x0000000787700000, 0x0000000787700000| Complete 
| 120|0x0000000787800000, 0x0000000787900000, 0x0000000787900000|100%| E|CS|TAMS 0x0000000787800000, 0x0000000787800000| Complete 
| 121|0x0000000787900000, 0x0000000787a00000, 0x0000000787a00000|100%| E|CS|TAMS 0x0000000787900000, 0x0000000787900000| Complete 
| 122|0x0000000787a00000, 0x0000000787b00000, 0x0000000787b00000|100%| E|CS|TAMS 0x0000000787a00000, 0x0000000787a00000| Complete 
| 123|0x0000000787b00000, 0x0000000787c00000, 0x0000000787c00000|100%| E|CS|TAMS 0x0000000787b00000, 0x0000000787b00000| Complete 
| 124|0x0000000787c00000, 0x0000000787d00000, 0x0000000787d00000|100%| E|CS|TAMS 0x0000000787c00000, 0x0000000787c00000| Complete 
| 125|0x0000000787d00000, 0x0000000787e00000, 0x0000000787e00000|100%| E|CS|TAMS 0x0000000787d00000, 0x0000000787d00000| Complete 
| 126|0x0000000787e00000, 0x0000000787f00000, 0x0000000787f00000|100%| E|CS|TAMS 0x0000000787e00000, 0x0000000787e00000| Complete 
| 127|0x0000000787f00000, 0x0000000788000000, 0x0000000788000000|100%| E|CS|TAMS 0x0000000787f00000, 0x0000000787f00000| Complete 
|2046|0x00000007ffe00000, 0x00000007ffe76000, 0x00000007fff00000| 46%|OA|  |TAMS 0x00000007ffe00000, 0x00000007ffe00000| Untracked 
|2047|0x00000007fff00000, 0x00000007fff7f000, 0x0000000800000000| 49%|CA|  |TAMS 0x00000007fff00000, 0x00000007fff00000| Untracked 

Card table byte_map: [0x000000010674d000,0x0000000106b4d000] _byte_map_base: 0x0000000102b4d000

Marking Bits (Prev, Next): (CMBitMap*) 0x00007fd1b6832e10, (CMBitMap*) 0x00007fd1b6832e50
 Prev Bits: [0x000000011f8de000, 0x00000001218de000)
 Next Bits: [0x00000001218de000, 0x00000001238de000)

Polling page: 0x0000000106071000

Metaspace:

Usage:
  Non-class:      2.86 MB used.
      Class:    368.85 KB used.
       Both:      3.22 MB used.

Virtual space:
  Non-class space:        8.00 MB reserved,       3.00 MB ( 38%) committed,  1 nodes.
      Class space:        1.00 GB reserved,     448.00 KB ( <1%) committed,  1 nodes.
             Both:        1.01 GB reserved,       3.44 MB ( <1%) committed. 

Chunk freelists:
   Non-Class:  2.86 MB
       Class:  3.55 MB
        Both:  6.41 MB

MaxMetaspaceSize: unlimited
CompressedClassSpaceSize: 1.00 GB
Initial GC threshold: 21.00 MB
Current GC threshold: 21.00 MB
CDS: on
MetaspaceReclaimPolicy: balanced
 - commit_granule_bytes: 65536.
 - commit_granule_words: 8192.
 - virtual_space_node_default_size: 1048576.
 - enlarge_chunks_in_place: 1.
 - new_chunks_are_fully_committed: 0.
 - uncommit_free_chunks: 1.
 - use_allocation_guard: 0.
 - handle_deallocations: 1.


Internal statistics:

num_allocs_failed_limit: 0.
num_arena_births: 74.
num_arena_deaths: 0.
num_vsnodes_births: 2.
num_vsnodes_deaths: 0.
num_space_committed: 55.
num_space_uncommitted: 0.
num_chunks_returned_to_freelist: 0.
num_chunks_taken_from_freelist: 152.
num_chunk_merges: 0.
num_chunk_splits: 97.
num_chunks_enlarged: 65.
num_purges: 0.
num_inconsistent_stats: 0.

CodeHeap 'non-profiled nmethods': size=120032Kb used=229Kb max_used=229Kb free=119802Kb
 bounds [0x00000001183a6000, 0x0000000118616000, 0x000000011f8de000]
CodeHeap 'profiled nmethods': size=120028Kb used=1027Kb max_used=1027Kb free=119000Kb
 bounds [0x0000000110e6f000, 0x00000001110df000, 0x00000001183a6000]
CodeHeap 'non-nmethods': size=5700Kb used=1178Kb max_used=1194Kb free=4521Kb
 bounds [0x00000001108de000, 0x0000000110b4e000, 0x0000000110e6f000]
 total_blobs=1170 nmethods=692 adapters=392
 compilation: enabled
              stopped_count=0, restarted_count=0
 full_count=0

Compilation events (20 events):
Event: 0.561 Thread 0x00007fd1b604e400  680       4       java.lang.ref.Reference::reachabilityFence (1 bytes)
Event: 0.562 Thread 0x00007fd1b604e400 nmethod 680 0x00000001183dd110 code [0x00000001183dd280, 0x00000001183dd2d8]
Event: 0.564 Thread 0x00007fd1b604e400  681       4       sun.security.provider.MD5::implCompress (13 bytes)
Event: 0.564 Thread 0x00007fd1b681ba00  682       3       sun.security.provider.DigestBase::implCompressMultiBlock0 (23 bytes)
Event: 0.564 Thread 0x00007fd1b681ba00 nmethod 682 0x0000000110f6dd10 code [0x0000000110f6dec0, 0x0000000110f6e160]
Event: 0.565 Thread 0x00007fd1b604e400 nmethod 681 0x00000001183dd410 code [0x00000001183dd5a0, 0x00000001183dd698]
Event: 0.565 Thread 0x00007fd1b604e400  683       4       sun.security.provider.MD5::implCompress0 (1407 bytes)
Event: 0.571 Thread 0x00007fd1b681ba00  684       3       java.io.FilterInputStream::read (9 bytes)
Event: 0.571 Thread 0x00007fd1b681ba00 nmethod 684 0x0000000110f6e290 code [0x0000000110f6e440, 0x0000000110f6e620]
Event: 0.574 Thread 0x00007fd1b681ba00  686       3       java.lang.StringUTF16::compress (20 bytes)
Event: 0.574 Thread 0x00007fd1b681ba00 nmethod 686 0x0000000110f6e710 code [0x0000000110f6e8c0, 0x0000000110f6eb00]
Event: 0.574 Thread 0x00007fd1b681ba00  685       1       java.lang.invoke.InfoFromMemberName::getReferenceKind (5 bytes)
Event: 0.574 Thread 0x00007fd1b681ba00 nmethod 685 0x00000001183dd790 code [0x00000001183dd920, 0x00000001183dd9f0]
Event: 0.592 Thread 0x00007fd1b604e400 nmethod 683 0x00000001183de190 code [0x00000001183de320, 0x00000001183df018]
Event: 0.660 Thread 0x00007fd1b681ba00  691       3       jdk.internal.org.objectweb.asm.ByteVector::putByteArray (49 bytes)
Event: 0.660 Thread 0x00007fd1b681ba00 nmethod 691 0x0000000110f6ec10 code [0x0000000110f6edc0, 0x0000000110f6f090]
Event: 0.660 Thread 0x00007fd1b681ba00  689       3       java.util.ArrayDeque::poll (5 bytes)
Event: 0.661 Thread 0x00007fd1b681ba00 nmethod 689 0x0000000110f6f190 code [0x0000000110f6f340, 0x0000000110f6f480]
Event: 0.661 Thread 0x00007fd1b681ba00  690       3       sun.invoke.util.BytecodeDescriptor::unparseSig (49 bytes)
Event: 0.661 Thread 0x00007fd1b681ba00 nmethod 690 0x0000000110f6f510 code [0x0000000110f6f740, 0x0000000110f6fc60]

GC Heap History (0 events):
No events

Deoptimization events (20 events):
Event: 0.268 Thread 0x00007fd1b6008800 DEOPT PACKING pc=0x00000001183b8c50 sp=0x000070000c192670
Event: 0.268 Thread 0x00007fd1b6008800 DEOPT UNPACKING pc=0x0000000110930099 sp=0x000070000c192638 mode 2
Event: 0.272 Thread 0x00007fd1b6008800 DEOPT PACKING pc=0x0000000110e7be4e sp=0x000070000c192980
Event: 0.272 Thread 0x00007fd1b6008800 DEOPT UNPACKING pc=0x000000011093082f sp=0x000070000c191e18 mode 0
Event: 0.296 Thread 0x00007fd1b6008800 DEOPT PACKING pc=0x0000000110ea4bd5 sp=0x000070000c18f690
Event: 0.296 Thread 0x00007fd1b6008800 DEOPT UNPACKING pc=0x000000011093082f sp=0x000070000c18eb38 mode 0
Event: 0.432 Thread 0x00007fd1b6057000 Uncommon trap: trap_request=0xffffff45 fr.pc=0x00000001183b7a8c relative=0x00000000000006cc
Event: 0.432 Thread 0x00007fd1b6057000 Uncommon trap: reason=unstable_if action=reinterpret pc=0x00000001183b7a8c method=jdk.internal.module.Checks.isJavaIdentifier(Ljava/lang/String;)Z @ 4 c2
Event: 0.432 Thread 0x00007fd1b6057000 DEOPT PACKING pc=0x00000001183b7a8c sp=0x000070000d5d1da0
Event: 0.432 Thread 0x00007fd1b6057000 DEOPT UNPACKING pc=0x0000000110930099 sp=0x000070000d5d1d60 mode 2
Event: 0.446 Thread 0x00007fd1b6057000 Uncommon trap: trap_request=0xffffff45 fr.pc=0x00000001183bf4c4 relative=0x0000000000000da4
Event: 0.446 Thread 0x00007fd1b6057000 Uncommon trap: reason=unstable_if action=reinterpret pc=0x00000001183bf4c4 method=java.util.HashMap.putVal(ILjava/lang/Object;Ljava/lang/Object;ZZ)Ljava/lang/Object; @ 193 c2
Event: 0.446 Thread 0x00007fd1b6057000 DEOPT PACKING pc=0x00000001183bf4c4 sp=0x000070000d5d1a00
Event: 0.446 Thread 0x00007fd1b6057000 DEOPT UNPACKING pc=0x0000000110930099 sp=0x000070000d5d19a0 mode 2
Event: 0.536 Thread 0x00007fd1b6057000 DEOPT PACKING pc=0x0000000110f0357a sp=0x000070000d5d2920
Event: 0.536 Thread 0x00007fd1b6057000 DEOPT UNPACKING pc=0x000000011093082f sp=0x000070000d5d1dd8 mode 3
Event: 0.763 Thread 0x00007fd1b614d600 Uncommon trap: trap_request=0xffffff45 fr.pc=0x00000001183dbb80 relative=0x00000000000002c0
Event: 0.763 Thread 0x00007fd1b614d600 Uncommon trap: reason=unstable_if action=reinterpret pc=0x00000001183dbb80 method=java.lang.invoke.VarHandle.checkExactAccessMode(Ljava/lang/invoke/VarHandle$AccessDescriptor;)V @ 4 c2
Event: 0.763 Thread 0x00007fd1b614d600 DEOPT PACKING pc=0x00000001183dbb80 sp=0x00007ff7b9fb18f0
Event: 0.763 Thread 0x00007fd1b614d600 DEOPT UNPACKING pc=0x0000000110930099 sp=0x00007ff7b9fb1860 mode 2

Classes unloaded (0 events):
No events

Classes redefined (0 events):
No events

Internal exceptions (8 events):
Event: 0.144 Thread 0x00007fd1b6008800 Exception <a 'java/lang/NoSuchMethodError'{0x0000000787ee24c0}: 'void java.lang.invoke.DirectMethodHandle$Holder.invokeVirtual(java.lang.Object, java.lang.Object)'> (0x0000000787ee24c0) 
thrown [open/src/hotspot/share/interpreter/linkResolver.cpp, line 766]
Event: 0.268 Thread 0x00007fd1b6008800 Implicit null exception at 0x00000001183b8ad5 to 0x00000001183b8c40
Event: 0.283 Thread 0x00007fd1b5010800 Exception <a 'java/lang/NoSuchMethodError'{0x0000000787b45d78}: 'java.lang.Object java.lang.invoke.DirectMethodHandle$Holder.invokeStaticInit(java.lang.Object)'> (0x0000000787b45d78) 
thrown [open/src/hotspot/share/interpreter/linkResolver.cpp, line 766]
Event: 0.287 Thread 0x00007fd1b5010800 Exception <a 'java/lang/ClassNotFoundException'{0x0000000787b50c98}: jdk/net/ExtendedSocketOptions> (0x0000000787b50c98) 
thrown [open/src/hotspot/share/classfile/systemDictionary.cpp, line 256]
Event: 0.291 Thread 0x00007fd1b5010800 Exception <a 'java/lang/NoSuchMethodError'{0x0000000787b524f0}: 'void java.lang.invoke.DirectMethodHandle$Holder.invokeStatic(java.lang.Object, java.lang.Object)'> (0x0000000787b524f0) 
thrown [open/src/hotspot/share/interpreter/linkResolver.cpp, line 766]
Event: 0.395 Thread 0x00007fd1b6008800 Exception <a 'java/lang/NoSuchMethodError'{0x00000007878626b0}: 'void java.lang.invoke.DirectMethodHandle$Holder.invokeSpecial(java.lang.Object, java.lang.Object, java.lang.Object)'> (0x00000007878626b0) 
thrown [open/src/hotspot/share/interpreter/linkResolver.cpp, line 766]
Event: 0.407 Thread 0x00007fd1b6008800 Exception <a 'java/lang/NoSuchMethodError'{0x000000078789ee10}: 'void java.lang.invoke.DirectMethodHandle$Holder.invokeStatic(java.lang.Object, java.lang.Object, java.lang.Object)'> (0x000000078789ee10) 
thrown [open/src/hotspot/share/interpreter/linkResolver.cpp, line 766]
Event: 0.545 Thread 0x00007fd1b6008800 Exception <a 'java/lang/NoSuchMethodError'{0x00000007878bb8e8}: 'int java.lang.invoke.DirectMethodHandle$Holder.invokeStaticInit(java.lang.Object, java.lang.Object, java.lang.Object)'> (0x00000007878bb8e8) 
thrown [open/src/hotspot/share/interpreter/linkResolver.cpp, line 766]

VM Operations (6 events):
Event: 0.242 Executing VM operation: HandshakeAllThreads
Event: 0.242 Executing VM operation: HandshakeAllThreads done
Event: 0.242 Executing VM operation: HandshakeAllThreads
Event: 0.242 Executing VM operation: HandshakeAllThreads done
Event: 0.282 Executing VM operation: HandshakeAllThreads
Event: 0.282 Executing VM operation: HandshakeAllThreads done

Events (20 events):
Event: 0.537 loading class java/util/concurrent/ForkJoinPool$ManagedBlocker done
Event: 0.537 loading class java/util/concurrent/locks/AbstractQueuedSynchronizer$ConditionNode done
Event: 0.560 Loading shared library /Users/tannomisato/.m2/repository/org/openjfx/javafx-graphics/17.0.1/libglass.dylib failed, dlopen(/Users/tannomisato/.m2/repository/org/openjfx/javafx-graphics/17.0.1/libglass.dylib, 0x0001): tried: '/Users/tannomisato/.m2/reposito
Event: 0.572 Loaded shared library /Users/tannomisato/.openjfx/cache/17.0.1/libglass.dylib
Event: 0.573 loading class java/util/concurrent/BlockingDeque
Event: 0.573 loading class java/util/concurrent/BlockingDeque done
Event: 0.573 loading class java/util/concurrent/LinkedBlockingDeque
Event: 0.575 loading class java/util/concurrent/LinkedBlockingDeque done
Event: 0.575 Thread 0x00007fd1b604dc00 Thread added: 0x00007fd1b604dc00
Event: 0.575 Protecting memory [0x000070000d5d6000,0x000070000d5da000] with protection modes 0
Event: 0.576 Protecting memory [0x00007ff7b97b6000,0x00007ff7b97ba000] with protection modes 0
Event: 0.576 Thread 0x00007fd1b614d600 Thread added: 0x00007fd1b614d600
Event: 0.660 Thread 0x00007fd1b6aa6800 Thread added: 0x00007fd1b6aa6800
Event: 0.660 Protecting memory [0x000070000d6d9000,0x000070000d6dd000] with protection modes 0
Event: 0.757 loading class java/util/concurrent/LinkedBlockingDeque$Node
Event: 0.757 loading class java/util/concurrent/LinkedBlockingDeque$Node done
Event: 0.757 Protecting memory [0x000070000d6d9000,0x000070000d6dd000] with protection modes 3
Event: 0.757 Thread 0x00007fd1b6aa6800 Thread exited: 0x00007fd1b6aa6800
Event: 0.764 loading class java/util/concurrent/FutureTask
Event: 0.764 loading class java/util/concurrent/FutureTask done


Dynamic libraries:
0x0000000106073000 	/Library/Java/JavaVirtualMachines/jdk-17.0.2.jdk/Contents/Home/lib/libjli.dylib
0x00007ff80ca42000 	/usr/lib/libz.1.dylib
0x00007ff80cb22000 	/usr/lib/libSystem.B.dylib
0x00007ff80cb1d000 	/usr/lib/system/libcache.dylib
0x00007ff80cad9000 	/usr/lib/system/libcommonCrypto.dylib
0x00007ff80cb02000 	/usr/lib/system/libcompiler_rt.dylib
0x00007ff80caf8000 	/usr/lib/system/libcopyfile.dylib
0x00007ff801b30000 	/usr/lib/system/libcorecrypto.dylib
0x00007ff801bef000 	/usr/lib/system/libdispatch.dylib
0x00007ff801dae000 	/usr/lib/system/libdyld.dylib
0x00007ff80cb14000 	/usr/lib/system/libkeymgr.dylib
0x00007ff80cab7000 	/usr/lib/system/libmacho.dylib
0x00007ff80c143000 	/usr/lib/system/libquarantine.dylib
0x00007ff80cb12000 	/usr/lib/system/libremovefile.dylib
0x00007ff806d15000 	/usr/lib/system/libsystem_asl.dylib
0x00007ff801ade000 	/usr/lib/system/libsystem_blocks.dylib
0x00007ff801c73000 	/usr/lib/system/libsystem_c.dylib
0x00007ff80cb0a000 	/usr/lib/system/libsystem_collections.dylib
0x00007ff80b3eb000 	/usr/lib/system/libsystem_configuration.dylib
0x00007ff80a6a8000 	/usr/lib/system/libsystem_containermanager.dylib
0x00007ff80c7f4000 	/usr/lib/system/libsystem_coreservices.dylib
0x00007ff8043d8000 	/usr/lib/system/libsystem_darwin.dylib
0x00007ff80cb15000 	/usr/lib/system/libsystem_dnssd.dylib
0x00007ff801c70000 	/usr/lib/system/libsystem_featureflags.dylib
0x00007ff801dc4000 	/usr/lib/system/libsystem_info.dylib
0x00007ff80ca55000 	/usr/lib/system/libsystem_m.dylib
0x00007ff801bc3000 	/usr/lib/system/libsystem_malloc.dylib
0x00007ff806cb2000 	/usr/lib/system/libsystem_networkextension.dylib
0x00007ff804800000 	/usr/lib/system/libsystem_notify.dylib
0x00007ff812c92000 	/usr/lib/system/libsystem_product_info_filter.dylib
0x00007ff80b3ef000 	/usr/lib/system/libsystem_sandbox.dylib
0x00007ff80cb0f000 	/usr/lib/system/libsystem_secinit.dylib
0x00007ff801d6b000 	/usr/lib/system/libsystem_kernel.dylib
0x00007ff801dba000 	/usr/lib/system/libsystem_platform.dylib
0x00007ff801da2000 	/usr/lib/system/libsystem_pthread.dylib
0x00007ff80856d000 	/usr/lib/system/libsystem_symptoms.dylib
0x00007ff801b17000 	/usr/lib/system/libsystem_trace.dylib
0x00007ff80cae5000 	/usr/lib/system/libunwind.dylib
0x00007ff801ae0000 	/usr/lib/system/libxpc.dylib
0x00007ff801d55000 	/usr/lib/libc++abi.dylib
0x00007ff801c36000 	/usr/lib/libobjc.A.dylib
0x00007ff80caf0000 	/usr/lib/liboah.dylib
0x00007ff801cfc000 	/usr/lib/libc++.1.dylib
0x00007ff8189ed000 	/System/Library/Frameworks/Cocoa.framework/Versions/A/Cocoa
0x00007ff80485e000 	/System/Library/Frameworks/AppKit.framework/Versions/C/AppKit
0x00007ff807d5a000 	/System/Library/Frameworks/CoreData.framework/Versions/A/CoreData
0x00007ff802c75000 	/System/Library/Frameworks/Foundation.framework/Versions/C/Foundation
0x00007ff8056f0000 	/System/Library/PrivateFrameworks/UIFoundation.framework/Versions/A/UIFoundation
0x00007ff812999000 	/System/Library/PrivateFrameworks/RemoteViewServices.framework/Versions/A/RemoteViewServices
0x00007ff80ad84000 	/System/Library/PrivateFrameworks/XCTTargetBootstrap.framework/Versions/A/XCTTargetBootstrap
0x00007ff80e932000 	/System/Library/PrivateFrameworks/InternationalSupport.framework/Versions/A/InternationalSupport
0x00007ff80e9bc000 	/System/Library/PrivateFrameworks/UserActivity.framework/Versions/A/UserActivity
0x00007ff80dd12000 	/usr/lib/libspindump.dylib
0x00007ff80597e000 	/System/Library/Frameworks/UniformTypeIdentifiers.framework/Versions/A/UniformTypeIdentifiers
0x00007ff8094bd000 	/usr/lib/libapp_launch_measurement.dylib
0x00007ff808726000 	/System/Library/PrivateFrameworks/CoreAnalytics.framework/Versions/A/CoreAnalytics
0x00007ff8094c0000 	/System/Library/PrivateFrameworks/CoreAutoLayout.framework/Versions/A/CoreAutoLayout
0x00007ff80a6e0000 	/System/Library/Frameworks/Metal.framework/Versions/A/Metal
0x00007ff80b3fa000 	/usr/lib/liblangid.dylib
0x00007ff80ad88000 	/System/Library/PrivateFrameworks/CoreSVG.framework/Versions/A/CoreSVG
0x00007ff806d45000 	/System/Library/PrivateFrameworks/SkyLight.framework/Versions/A/SkyLight
0x00007ff8070db000 	/System/Library/Frameworks/CoreGraphics.framework/Versions/A/CoreGraphics
0x00007ff813008000 	/System/Library/Frameworks/Accelerate.framework/Versions/A/Accelerate
0x00007ff80d78d000 	/System/Library/PrivateFrameworks/IconServices.framework/Versions/A/IconServices
0x00007ff80a6c5000 	/System/Library/Frameworks/IOSurface.framework/Versions/A/IOSurface
0x00007ff808754000 	/usr/lib/libDiagnosticMessagesClient.dylib
0x00007ff816679000 	/System/Library/Frameworks/ApplicationServices.framework/Versions/A/ApplicationServices
0x00007ff80ad70000 	/System/Library/PrivateFrameworks/DFRFoundation.framework/Versions/A/DFRFoundation
0x00007ff80414f000 	/usr/lib/libicucore.A.dylib
0x00007ff80f657000 	/System/Library/Frameworks/AudioToolbox.framework/Versions/A/AudioToolbox
0x00007ff80e93e000 	/System/Library/PrivateFrameworks/DataDetectorsCore.framework/Versions/A/DataDetectorsCore
0x00007ff90a296000 	/System/Library/PrivateFrameworks/TextInput.framework/Versions/A/TextInput
0x00007ff806cc9000 	/usr/lib/libMobileGestalt.dylib
0x00007ff80aa78000 	/System/Library/Frameworks/Carbon.framework/Versions/A/Frameworks/HIToolbox.framework/Versions/A/HIToolbox
0x00007ff808eea000 	/System/Library/Frameworks/QuartzCore.framework/Versions/A/QuartzCore
0x00007ff803def000 	/System/Library/Frameworks/Security.framework/Versions/A/Security
0x00007ff8129d1000 	/System/Library/Frameworks/Carbon.framework/Versions/A/Frameworks/SpeechRecognition.framework/Versions/A/SpeechRecognition
0x00007ff80921d000 	/System/Library/PrivateFrameworks/CoreUI.framework/Versions/A/CoreUI
0x00007ff8036c7000 	/System/Library/Frameworks/CoreAudio.framework/Versions/A/CoreAudio
0x00007ff808842000 	/System/Library/Frameworks/DiskArbitration.framework/Versions/A/DiskArbitration
0x00007ff80e0f9000 	/System/Library/PrivateFrameworks/MultitouchSupport.framework/Versions/A/MultitouchSupport
0x00007ff806cc8000 	/usr/lib/libenergytrace.dylib
0x00007ff80474a000 	/System/Library/Frameworks/IOKit.framework/Versions/A/IOKit
0x00007ff812dbd000 	/System/Library/Frameworks/CoreServices.framework/Versions/A/CoreServices
0x00007ff809457000 	/System/Library/PrivateFrameworks/PerformanceAnalysis.framework/Versions/A/PerformanceAnalysis
0x00007ffa19a66000 	/System/Library/Frameworks/OpenGL.framework/Versions/A/OpenGL
0x00007ff80c06f000 	/System/Library/PrivateFrameworks/MobileKeyBag.framework/Versions/A/MobileKeyBag
0x00007ff8077a7000 	/System/Library/Frameworks/ColorSync.framework/Versions/A/ColorSync
0x00007ff801def000 	/System/Library/Frameworks/CoreFoundation.framework/Versions/A/CoreFoundation
0x00007ff80b001000 	/System/Library/Frameworks/CoreImage.framework/Versions/A/CoreImage
0x00007ff8034dd000 	/System/Library/Frameworks/CoreText.framework/Versions/A/CoreText
0x00007ff80adb7000 	/System/Library/Frameworks/ImageIO.framework/Versions/A/ImageIO
0x00007ff80cb28000 	/System/Library/PrivateFrameworks/SoftLinking.framework/Versions/A/SoftLinking
0x00007ff809508000 	/usr/lib/libxml2.2.dylib
0x00007ff80cdac000 	/usr/lib/libcompression.dylib
0x00007ff80e868000 	/System/Library/PrivateFrameworks/TextureIO.framework/Versions/A/TextureIO
0x00007ff80d49f000 	/usr/lib/libate.dylib
0x00007ff80d27d000 	/usr/lib/liblzma.5.dylib
0x00007ff802986000 	/System/Library/Frameworks/SystemConfiguration.framework/Versions/A/SystemConfiguration
0x00007ff80cb24000 	/usr/lib/libfakelink.dylib
0x00007ff80681b000 	/System/Library/Frameworks/CFNetwork.framework/Versions/A/CFNetwork
0x00007ff80cc63000 	/usr/lib/libarchive.2.dylib
0x00007ff80b3f6000 	/System/Library/PrivateFrameworks/AppleSystemInfo.framework/Versions/A/AppleSystemInfo
0x00007ff80c16a000 	/usr/lib/libbsm.0.dylib
0x00007ff805e51000 	/usr/lib/libnetwork.dylib
0x00007ff80cabd000 	/usr/lib/system/libkxld.dylib
0x00007ff80bd98000 	/System/Library/PrivateFrameworks/IOMobileFramebuffer.framework/Versions/A/IOMobileFramebuffer
0x00007ffb1788b000 	/usr/lib/libCoreEntitlements.dylib
0x00007ff80c7d6000 	/System/Library/PrivateFrameworks/AppleFSCompression.framework/Versions/A/AppleFSCompression
0x00007ff80c152000 	/usr/lib/libcoretls.dylib
0x00007ff80d297000 	/usr/lib/libcoretls_cfhelpers.dylib
0x00007ff80cda7000 	/usr/lib/libpam.2.dylib
0x00007ff80818f000 	/usr/lib/libsqlite3.dylib
0x00007ff80d306000 	/usr/lib/libxar.1.dylib
0x00007ff80c7e6000 	/usr/lib/libbz2.1.0.dylib
0x00007ff80cb29000 	/usr/lib/libpcap.A.dylib
0x00007ff808564000 	/usr/lib/libdns_services.dylib
0x00007ff80cd76000 	/usr/lib/libapple_nghttp2.dylib
0x00007ff80cb60000 	/usr/lib/libiconv.2.dylib
0x00007ff80cab6000 	/usr/lib/libcharset.1.dylib
0x00007ff80948b000 	/System/Library/Frameworks/CoreServices.framework/Versions/A/Frameworks/FSEvents.framework/Versions/A/FSEvents
0x00007ff8043e2000 	/System/Library/Frameworks/CoreServices.framework/Versions/A/Frameworks/CarbonCore.framework/Versions/A/CarbonCore
0x00007ff8087a7000 	/System/Library/Frameworks/CoreServices.framework/Versions/A/Frameworks/Metadata.framework/Versions/A/Metadata
0x00007ff80c7f9000 	/System/Library/Frameworks/CoreServices.framework/Versions/A/Frameworks/OSServices.framework/Versions/A/OSServices
0x00007ff80ccea000 	/System/Library/Frameworks/CoreServices.framework/Versions/A/Frameworks/SearchKit.framework/Versions/A/SearchKit
0x00007ff8084f6000 	/System/Library/Frameworks/CoreServices.framework/Versions/A/Frameworks/AE.framework/Versions/A/AE
0x00007ff8022f2000 	/System/Library/Frameworks/CoreServices.framework/Versions/A/Frameworks/LaunchServices.framework/Versions/A/LaunchServices
0x00007ff80d22e000 	/System/Library/Frameworks/CoreServices.framework/Versions/A/Frameworks/DictionaryServices.framework/Versions/A/DictionaryServices
0x00007ff809498000 	/System/Library/Frameworks/CoreServices.framework/Versions/A/Frameworks/SharedFileList.framework/Versions/A/SharedFileList
0x00007ff80c146000 	/usr/lib/libCheckFix.dylib
0x00007ff806d2c000 	/System/Library/PrivateFrameworks/TCC.framework/Versions/A/TCC
0x00007ff80b3fc000 	/System/Library/PrivateFrameworks/CoreNLP.framework/Versions/A/CoreNLP
0x00007ff808757000 	/System/Library/PrivateFrameworks/MetadataUtilities.framework/Versions/A/MetadataUtilities
0x00007ff802a36000 	/usr/lib/libmecabra.dylib
0x00007ff80c17a000 	/usr/lib/libmecab.dylib
0x00007ff802a01000 	/usr/lib/libCRFSuite.dylib
0x00007ff80c1d7000 	/usr/lib/libgermantok.dylib
0x00007ff80cd51000 	/usr/lib/libThaiTokenizer.dylib
0x00007ff808849000 	/System/Library/Frameworks/Accelerate.framework/Versions/A/Frameworks/vImage.framework/Versions/A/vImage
0x00007ff812d94000 	/System/Library/Frameworks/Accelerate.framework/Versions/A/Frameworks/vecLib.framework/Versions/A/vecLib
0x00007ff80d347000 	/System/Library/Frameworks/Accelerate.framework/Versions/A/Frameworks/vecLib.framework/Versions/A/libvMisc.dylib
0x00007ff80bbb6000 	/System/Library/Frameworks/Accelerate.framework/Versions/A/Frameworks/vecLib.framework/Versions/A/libvDSP.dylib
0x00007ff80266a000 	/System/Library/Frameworks/Accelerate.framework/Versions/A/Frameworks/vecLib.framework/Versions/A/libBLAS.dylib
0x00007ff80ce88000 	/System/Library/Frameworks/Accelerate.framework/Versions/A/Frameworks/vecLib.framework/Versions/A/libLAPACK.dylib
0x00007ff80c1da000 	/System/Library/Frameworks/Accelerate.framework/Versions/A/Frameworks/vecLib.framework/Versions/A/libLinearAlgebra.dylib
0x00007ff80cd8f000 	/System/Library/Frameworks/Accelerate.framework/Versions/A/Frameworks/vecLib.framework/Versions/A/libSparseBLAS.dylib
0x00007ff80ce82000 	/System/Library/Frameworks/Accelerate.framework/Versions/A/Frameworks/vecLib.framework/Versions/A/libQuadrature.dylib
0x00007ff80b4e6000 	/System/Library/Frameworks/Accelerate.framework/Versions/A/Frameworks/vecLib.framework/Versions/A/libBNNS.dylib
0x00007ff802917000 	/System/Library/Frameworks/Accelerate.framework/Versions/A/Frameworks/vecLib.framework/Versions/A/libSparse.dylib
0x00007ff80b4df000 	/System/Library/PrivateFrameworks/LinguisticData.framework/Versions/A/LinguisticData
0x00007ff8028cc000 	/System/Library/PrivateFrameworks/Lexicon.framework/Versions/A/Lexicon
0x00007ff80d340000 	/usr/lib/libChineseTokenizer.dylib
0x00007ff803030000 	/System/Library/PrivateFrameworks/LanguageModeling.framework/Versions/A/LanguageModeling
0x00007ff80cd53000 	/System/Library/PrivateFrameworks/AppleSauce.framework/Versions/A/AppleSauce
0x00007ff80bd86000 	/System/Library/PrivateFrameworks/CoreEmoji.framework/Versions/A/CoreEmoji
0x00007ff80cc52000 	/usr/lib/libcmph.dylib
0x00007ff80946f000 	/System/Library/Frameworks/OpenDirectory.framework/Versions/A/Frameworks/CFOpenDirectory.framework/Versions/A/CFOpenDirectory
0x00007ff809463000 	/System/Library/Frameworks/OpenDirectory.framework/Versions/A/OpenDirectory
0x00007ff80d299000 	/System/Library/PrivateFrameworks/APFS.framework/Versions/A/APFS
0x00007ff80c0a7000 	/System/Library/Frameworks/SecurityFoundation.framework/Versions/A/SecurityFoundation
0x00007ff80d314000 	/usr/lib/libutil.dylib
0x00007ff80470d000 	/System/Library/PrivateFrameworks/CoreServicesStore.framework/Versions/A/CoreServicesStore
0x00007ff80d318000 	/usr/lib/libxslt.1.dylib
0x00007ff80c134000 	/System/Library/PrivateFrameworks/BackgroundTaskManagement.framework/Versions/A/BackgroundTaskManagement
0x00007ff80e788000 	/System/Library/Frameworks/ImageIO.framework/Versions/A/Resources/libRadiance.dylib
0x00007ff80e791000 	/System/Library/Frameworks/ImageIO.framework/Versions/A/Resources/libJPEG.dylib
0x00007ff80e6e1000 	/System/Library/Frameworks/ImageIO.framework/Versions/A/Resources/libPng.dylib
0x00007ff80e702000 	/System/Library/Frameworks/ImageIO.framework/Versions/A/Resources/libTIFF.dylib
0x00007ff80e7f1000 	/System/Library/Frameworks/ImageIO.framework/Versions/A/Resources/libGIF.dylib
0x00007ff80e012000 	/System/Library/Frameworks/ImageIO.framework/Versions/A/Resources/libJP2.dylib
0x00007ff80d754000 	/usr/lib/libexpat.1.dylib
0x00007ff80dfc7000 	/System/Library/PrivateFrameworks/AppleJPEG.framework/Versions/A/AppleJPEG
0x00007ff80a93b000 	/System/Library/PrivateFrameworks/FontServices.framework/libFontParser.dylib
0x00007ff8084a0000 	/System/Library/PrivateFrameworks/RunningBoardServices.framework/Versions/A/RunningBoardServices
0x00007ff818f69000 	/System/Library/PrivateFrameworks/IOSurfaceAccelerator.framework/Versions/A/IOSurfaceAccelerator
0x00007ff80e0f5000 	/System/Library/PrivateFrameworks/WatchdogClient.framework/Versions/A/WatchdogClient
0x00007ff80311f000 	/System/Library/Frameworks/CoreDisplay.framework/Versions/A/CoreDisplay
0x00007ff80a83a000 	/System/Library/Frameworks/CoreMedia.framework/Versions/A/CoreMedia
0x00007ff80a6d7000 	/System/Library/PrivateFrameworks/IOAccelerator.framework/Versions/A/IOAccelerator
0x00007ff8095eb000 	/System/Library/Frameworks/CoreVideo.framework/Versions/A/CoreVideo
0x00007ff80cda5000 	/System/Library/Frameworks/MetalPerformanceShaders.framework/Versions/A/MetalPerformanceShaders
0x00007ff80e130000 	/System/Library/Frameworks/VideoToolbox.framework/Versions/A/VideoToolbox
0x00007ff8083e8000 	/System/Library/PrivateFrameworks/BaseBoard.framework/Versions/A/BaseBoard
0x00007ff808175000 	/System/Library/PrivateFrameworks/ProtocolBuffer.framework/Versions/A/ProtocolBuffer
0x00007ff80e781000 	/System/Library/PrivateFrameworks/GPUWrangler.framework/Versions/A/GPUWrangler
0x00007ff80e764000 	/System/Library/PrivateFrameworks/IOPresentment.framework/Versions/A/IOPresentment
0x00007ff80e78b000 	/System/Library/PrivateFrameworks/DSExternalDisplay.framework/Versions/A/DSExternalDisplay
0x00007ffa19a5a000 	/System/Library/Frameworks/OpenGL.framework/Versions/A/Libraries/libCoreFSCache.dylib
0x00007ffb05afb000 	/System/Library/PrivateFrameworks/GPUCompiler.framework/Versions/31001/Libraries/libGPUCompilerUtils.dylib
0x00007ff80e7f6000 	/System/Library/PrivateFrameworks/CMCaptureCore.framework/Versions/A/CMCaptureCore
0x00007ff80dd00000 	/System/Library/PrivateFrameworks/AppServerSupport.framework/Versions/A/AppServerSupport
0x00007ff80fedd000 	/System/Library/PrivateFrameworks/perfdata.framework/Versions/A/perfdata
0x00007ff80324b000 	/System/Library/PrivateFrameworks/AudioToolboxCore.framework/Versions/A/AudioToolboxCore
0x00007ff80a817000 	/System/Library/PrivateFrameworks/caulk.framework/Versions/A/caulk
0x00007ff80f801000 	/usr/lib/libAudioStatistics.dylib
0x00007ff906b24000 	/System/Library/PrivateFrameworks/SystemPolicy.framework/Versions/A/SystemPolicy
0x00007ff80fa56000 	/usr/lib/libSMC.dylib
0x00007ff8188a0000 	/System/Library/Frameworks/CoreMIDI.framework/Versions/A/CoreMIDI
0x00007ff80e6b1000 	/usr/lib/libAudioToolboxUtility.dylib
0x00007ff902f36000 	/System/Library/PrivateFrameworks/OSAServicesClient.framework/Versions/A/OSAServicesClient
0x00007ff80feea000 	/usr/lib/libperfcheck.dylib
0x00007ff9075b6000 	/usr/lib/libmis.dylib
0x00007ffa19ab6000 	/System/Library/Frameworks/OpenGL.framework/Versions/A/Libraries/libGLU.dylib
0x00007ffa19a79000 	/System/Library/Frameworks/OpenGL.framework/Versions/A/Libraries/libGFXShared.dylib
0x00007ffa19c87000 	/System/Library/Frameworks/OpenGL.framework/Versions/A/Libraries/libGL.dylib
0x00007ffa19a82000 	/System/Library/Frameworks/OpenGL.framework/Versions/A/Libraries/libGLImage.dylib
0x00007ffa19a76000 	/System/Library/Frameworks/OpenGL.framework/Versions/A/Libraries/libCVMSPluginSupport.dylib
0x00007ffa19a61000 	/System/Library/Frameworks/OpenGL.framework/Versions/A/Libraries/libCoreVMClient.dylib
0x00007ff80b37a000 	/System/Library/Frameworks/MetalPerformanceShaders.framework/Versions/A/Frameworks/MPSCore.framework/Versions/A/MPSCore
0x00007ff80c741000 	/System/Library/Frameworks/MetalPerformanceShaders.framework/Versions/A/Frameworks/MPSImage.framework/Versions/A/MPSImage
0x00007ff80c1f0000 	/System/Library/Frameworks/MetalPerformanceShaders.framework/Versions/A/Frameworks/MPSNeuralNetwork.framework/Versions/A/MPSNeuralNetwork
0x00007ff80c665000 	/System/Library/Frameworks/MetalPerformanceShaders.framework/Versions/A/Frameworks/MPSMatrix.framework/Versions/A/MPSMatrix
0x00007ff80c421000 	/System/Library/Frameworks/MetalPerformanceShaders.framework/Versions/A/Frameworks/MPSRayIntersector.framework/Versions/A/MPSRayIntersector
0x00007ff80c69e000 	/System/Library/Frameworks/MetalPerformanceShaders.framework/Versions/A/Frameworks/MPSNDArray.framework/Versions/A/MPSNDArray
0x00007ffa1e67b000 	/System/Library/Frameworks/MetalPerformanceShaders.framework/Versions/A/Frameworks/MPSFunctions.framework/Versions/A/MPSFunctions
0x00007ff80254d000 	/System/Library/PrivateFrameworks/MetalTools.framework/Versions/A/MetalTools
0x00007ff80b3f4000 	/System/Library/PrivateFrameworks/AggregateDictionary.framework/Versions/A/AggregateDictionary
0x00007ff80d536000 	/usr/lib/libIOReport.dylib
0x00007ffa1b096000 	/System/Library/Frameworks/OpenCL.framework/Versions/A/OpenCL
0x00007ff80d89a000 	/System/Library/PrivateFrameworks/FaceCore.framework/Versions/A/FaceCore
0x00007ff80d88b000 	/System/Library/PrivateFrameworks/GraphVisualizer.framework/Versions/A/GraphVisualizer
0x00007ffb05a06000 	/System/Library/PrivateFrameworks/FontServices.framework/Versions/A/FontServices
0x00007ff80dcb7000 	/System/Library/PrivateFrameworks/OTSVG.framework/Versions/A/OTSVG
0x00007ff8091d3000 	/System/Library/Frameworks/ApplicationServices.framework/Versions/A/Frameworks/ATS.framework/Versions/A/Resources/libFontRegistry.dylib
0x00007ff80dd08000 	/System/Library/PrivateFrameworks/FontServices.framework/libhvf.dylib
0x00007ffb05a07000 	/System/Library/PrivateFrameworks/FontServices.framework/libXTFontStaticRegistryData.dylib
0x00007ff80d704000 	/System/Library/PrivateFrameworks/AppleVA.framework/Versions/A/AppleVA
0x00007ff80f825000 	/System/Library/Frameworks/ApplicationServices.framework/Versions/A/Frameworks/ATS.framework/Versions/A/ATS
0x00007ff8078a3000 	/System/Library/Frameworks/ApplicationServices.framework/Versions/A/Frameworks/HIServices.framework/Versions/A/HIServices
0x00007ff80e800000 	/System/Library/Frameworks/ApplicationServices.framework/Versions/A/Frameworks/PrintCore.framework/Versions/A/PrintCore
0x00007ff80fba9000 	/System/Library/Frameworks/ApplicationServices.framework/Versions/A/Frameworks/QD.framework/Versions/A/QD
0x00007ff80fba1000 	/System/Library/Frameworks/ApplicationServices.framework/Versions/A/Frameworks/ColorSyncLegacy.framework/Versions/A/ColorSyncLegacy
0x00007ff80f815000 	/System/Library/Frameworks/ApplicationServices.framework/Versions/A/Frameworks/SpeechSynthesis.framework/Versions/A/SpeechSynthesis
0x00007ff80e7c1000 	/System/Library/Frameworks/ApplicationServices.framework/Versions/A/Frameworks/ATSUI.framework/Versions/A/ATSUI
0x00007ff80fb36000 	/usr/lib/libcups.2.dylib
0x00007ff80fef9000 	/System/Library/Frameworks/Kerberos.framework/Versions/A/Kerberos
0x00007ff80ff08000 	/System/Library/Frameworks/GSS.framework/Versions/A/GSS
0x00007ff80f891000 	/usr/lib/libresolv.9.dylib
0x00007ff80dd17000 	/System/Library/PrivateFrameworks/Heimdal.framework/Versions/A/Heimdal
0x00007ff8169f6000 	/System/Library/Frameworks/Kerberos.framework/Versions/A/Libraries/libHeimdalProxy.dylib
0x00007ff808575000 	/System/Library/Frameworks/Network.framework/Versions/A/Network
0x00007ff80d76e000 	/usr/lib/libheimdal-asn1.dylib
0x00007ff80ff54000 	/System/Library/PrivateFrameworks/CommonAuth.framework/Versions/A/CommonAuth
0x00007ff80f792000 	/System/Library/PrivateFrameworks/AudioSession.framework/Versions/A/AudioSession
0x00007ff80d7fe000 	/System/Library/PrivateFrameworks/MediaExperience.framework/Versions/A/MediaExperience
0x00007ff80f626000 	/System/Library/PrivateFrameworks/AudioSession.framework/libSessionUtility.dylib
0x00007ff80fbb5000 	/System/Library/PrivateFrameworks/AudioResourceArbitration.framework/Versions/A/AudioResourceArbitration
0x00007ff813ba7000 	/System/Library/PrivateFrameworks/PowerLog.framework/Versions/A/PowerLog
0x00007ff80d777000 	/System/Library/PrivateFrameworks/IconFoundation.framework/Versions/A/IconFoundation
0x00007ff8129c1000 	/System/Library/PrivateFrameworks/SpeechRecognitionCore.framework/Versions/A/SpeechRecognitionCore
0x000000010709c000 	/Library/Java/JavaVirtualMachines/jdk-17.0.2.jdk/Contents/Home/lib/server/libjvm.dylib
0x00000001060a2000 	/Library/Java/JavaVirtualMachines/jdk-17.0.2.jdk/Contents/Home/lib/libjimage.dylib
0x00000001060c5000 	/Library/Java/JavaVirtualMachines/jdk-17.0.2.jdk/Contents/Home/lib/libinstrument.dylib
0x0000000106107000 	/Library/Java/JavaVirtualMachines/jdk-17.0.2.jdk/Contents/Home/lib/libjava.dylib
0x0000000106f92000 	/Library/Java/JavaVirtualMachines/jdk-17.0.2.jdk/Contents/Home/lib/libnio.dylib
0x0000000106fae000 	/Library/Java/JavaVirtualMachines/jdk-17.0.2.jdk/Contents/Home/lib/libnet.dylib
0x0000000106fce000 	/Library/Java/JavaVirtualMachines/jdk-17.0.2.jdk/Contents/Home/lib/libzip.dylib
0x0000000106fe2000 	/Users/tannomisato/.openjfx/cache/17.0.1/libprism_es2.dylib
0x00007ff8046ce000 	/System/Library/PrivateFrameworks/CoreServicesInternal.framework/Versions/A/CoreServicesInternal
0x00007ffa19c92000 	/System/Library/Frameworks/OpenGL.framework/Versions/A/Resources/GLEngine.bundle/GLEngine
0x00007ffa19af4000 	/System/Library/Frameworks/OpenGL.framework/Versions/A/Libraries/libGLProgrammability.dylib
0x00007ffa0deba000 	/System/Library/Extensions/AppleIntelKBLGraphicsGLDriver.bundle/Contents/MacOS/AppleIntelKBLGraphicsGLDriver
0x00007ff91149a000 	/System/Library/PrivateFrameworks/GPUSupport.framework/Versions/A/Libraries/libGPUSupportMercury.dylib
0x00007ffa19e21000 	/System/Library/Frameworks/OpenGL.framework/Versions/A/Resources/GLRendererFloat.bundle/GLRendererFloat
0x0000000108d3d000 	/Users/tannomisato/.openjfx/cache/17.0.1/libglass.dylib
0x00007ff814198000 	/System/Library/Frameworks/FileProvider.framework/Versions/A/FileProvider
0x00007ff808354000 	/System/Library/Frameworks/Accounts.framework/Versions/A/Accounts
0x00007ff814310000 	/System/Library/PrivateFrameworks/GenerationalStorage.framework/Versions/A/GenerationalStorage
0x00007ff814e22000 	/System/Library/PrivateFrameworks/CoreSymbolication.framework/Versions/A/CoreSymbolication
0x00007ff813b9c000 	/System/Library/PrivateFrameworks/SymptomDiagnosticReporter.framework/Versions/A/SymptomDiagnosticReporter
0x00007ff805992000 	/System/Library/PrivateFrameworks/DesktopServicesPriv.framework/Versions/A/DesktopServicesPriv
0x00007ff80480f000 	/usr/lib/libsandbox.1.dylib
0x00007ff80966a000 	/System/Library/PrivateFrameworks/UserManagement.framework/Versions/A/UserManagement
0x00007ff814de7000 	/System/Library/PrivateFrameworks/DebugSymbols.framework/Versions/A/DebugSymbols
0x00007ff80fb96000 	/System/Library/PrivateFrameworks/NetAuth.framework/Versions/A/NetAuth
0x00007ff810a85000 	/System/Library/PrivateFrameworks/Sharing.framework/Versions/A/Sharing
0x00007ff80963d000 	/System/Library/PrivateFrameworks/login.framework/Versions/A/Frameworks/loginsupport.framework/Versions/A/loginsupport
0x00007ff815f28000 	/System/Library/PrivateFrameworks/Apple80211.framework/Versions/A/Apple80211
0x00007ff80c826000 	/System/Library/PrivateFrameworks/AuthKit.framework/Versions/A/AuthKit
0x00007ff80be7c000 	/System/Library/PrivateFrameworks/CoreUtils.framework/Versions/A/CoreUtils
0x00007ff80bda3000 	/System/Library/Frameworks/CoreWLAN.framework/Versions/A/CoreWLAN
0x00007ff810be0000 	/System/Library/Frameworks/IOBluetooth.framework/Versions/A/IOBluetooth
0x00007ff815f90000 	/System/Library/PrivateFrameworks/CoreWiFi.framework/Versions/A/CoreWiFi
0x00007ff8149bc000 	/System/Library/PrivateFrameworks/FrontBoardServices.framework/Versions/A/FrontBoardServices
0x00007ff814a4e000 	/System/Library/PrivateFrameworks/BoardServices.framework/Versions/A/BoardServices
0x00007ff80c096000 	/System/Library/PrivateFrameworks/AssertionServices.framework/Versions/A/AssertionServices
0x00007ff816114000 	/System/Library/PrivateFrameworks/BackBoardServices.framework/Versions/A/BackBoardServices
0x00007ff80ffe3000 	/System/Library/PrivateFrameworks/CorePhoneNumbers.framework/Versions/A/CorePhoneNumbers
0x00007ff813cb9000 	/System/Library/PrivateFrameworks/DiskManagement.framework/Versions/A/DiskManagement
0x00007ff813bcd000 	/System/Library/PrivateFrameworks/AppleIDAuthSupport.framework/Versions/A/AppleIDAuthSupport
0x00007ffa20634000 	/System/Library/PrivateFrameworks/AAAFoundation.framework/Versions/A/AAAFoundation
0x00007ff80ffc4000 	/System/Library/PrivateFrameworks/KeychainCircle.framework/Versions/A/KeychainCircle
0x00007ff813c85000 	/System/Library/PrivateFrameworks/MediaKit.framework/Versions/A/MediaKit
0x00007ff813bd9000 	/System/Library/Frameworks/DiscRecording.framework/Versions/A/DiscRecording
0x00007ff80d67c000 	/usr/lib/libCoreStorage.dylib
0x00007ff816403000 	/usr/lib/libcsfde.dylib
0x00007ff810cad000 	/System/Library/PrivateFrameworks/ProtectedCloudStorage.framework/Versions/A/ProtectedCloudStorage
0x00007ff8163ff000 	/System/Library/PrivateFrameworks/EFILogin.framework/Versions/A/EFILogin
0x00007ff814336000 	/System/Library/PrivateFrameworks/OctagonTrust.framework/Versions/A/OctagonTrust
0x00007ffb04d28000 	/System/Library/PrivateFrameworks/CoreUtilsExtras.framework/Versions/A/CoreUtilsExtras
0x00007ff813b0f000 	/System/Library/Frameworks/CoreBluetooth.framework/Versions/A/CoreBluetooth
0x00007ff816a7b000 	/System/Library/Frameworks/AudioUnit.framework/Versions/A/AudioUnit
0x00007ff80d674000 	/usr/lib/libMatch.1.dylib
0x00007ff90ba1a000 	/System/Library/Frameworks/Accelerate.framework/Versions/A/Frameworks/vImage.framework/Versions/A/Libraries/libCGInterfaces.dylib
0x0000000128e30000 	/usr/lib/libobjc-trampolines.dylib
0x00007ff809363000 	/System/Library/PrivateFrameworks/ViewBridge.framework/Versions/A/ViewBridge


VM Arguments:
jvm_args: -javaagent:/Applications/IntelliJ IDEA.app/Contents/lib/idea_rt.jar=50154:/Applications/IntelliJ IDEA.app/Contents/bin -Dfile.encoding=UTF-8 --module-path=/Users/tannomisato/.m2/repository/org/openjfx/javafx-graphics/17.0.1/javafx-graphics-17.0.1-mac.jar:/Users/tannomisato/.m2/repository/org/openjfx/javafx-base/17.0.1/javafx-base-17.0.1-mac.jar:/Users/tannomisato/IdeaProjects/BlackJack_CICCC/Blackjack_ver4/target/classes:/Users/tannomisato/.m2/repository/org/openjfx/javafx-media/17.0.1/javafx-media-17.0.1-mac.jar:/Users/tannomisato/.m2/repository/org/openjfx/javafx-controls/17.0.1/javafx-controls-17.0.1-mac.jar:/Users/tannomisato/.m2/repository/org/openjfx/javafx-fxml/17.0.1/javafx-fxml-17.0.1-mac.jar -Djdk.module.main=blackjack 
java_command: blackjack/blackjack.App
java_class_path (initial): /Users/tannomisato/.m2/repository/org/openjfx/javafx-controls/17.0.1/javafx-controls-17.0.1.jar:/Users/tannomisato/.m2/repository/org/openjfx/javafx-graphics/17.0.1/javafx-graphics-17.0.1.jar:/Users/tannomisato/.m2/repository/org/openjfx/javafx-base/17.0.1/javafx-base-17.0.1.jar:/Users/tannomisato/.m2/repository/org/openjfx/javafx-fxml/17.0.1/javafx-fxml-17.0.1.jar:/Users/tannomisato/.m2/repository/org/openjfx/javafx-media/17.0.1/javafx-media-17.0.1.jar
Launcher Type: SUN_STANDARD

[Global flags]
     intx CICompilerCount                          = 3                                         {product} {ergonomic}
     uint ConcGCThreads                            = 1                                         {product} {ergonomic}
     uint G1ConcRefinementThreads                  = 4                                         {product} {ergonomic}
   size_t G1HeapRegionSize                         = 1048576                                   {product} {ergonomic}
    uintx GCDrainStackTargetSize                   = 64                                        {product} {ergonomic}
   size_t InitialHeapSize                          = 134217728                                 {product} {ergonomic}
   size_t MarkStackSize                            = 4194304                                   {product} {ergonomic}
   size_t MaxHeapSize                              = 2147483648                                {product} {ergonomic}
   size_t MaxNewSize                               = 1287651328                                {product} {ergonomic}
   size_t MinHeapDeltaBytes                        = 1048576                                   {product} {ergonomic}
   size_t MinHeapSize                              = 8388608                                   {product} {ergonomic}
    uintx NonNMethodCodeHeapSize                   = 5832780                                {pd product} {ergonomic}
    uintx NonProfiledCodeHeapSize                  = 122912730                              {pd product} {ergonomic}
    uintx ProfiledCodeHeapSize                     = 122912730                              {pd product} {ergonomic}
    uintx ReservedCodeCacheSize                    = 251658240                              {pd product} {ergonomic}
     bool SegmentedCodeCache                       = true                                      {product} {ergonomic}
   size_t SoftMaxHeapSize                          = 2147483648                             {manageable} {ergonomic}
     bool UseCompressedClassPointers               = true                           {product lp64_product} {ergonomic}
     bool UseCompressedOops                        = true                           {product lp64_product} {ergonomic}
     bool UseG1GC                                  = true                                      {product} {ergonomic}
     bool UseNUMA                                  = false                                     {product} {ergonomic}
     bool UseNUMAInterleaving                      = false                                     {product} {ergonomic}

Logging:
Log output configuration:
 #0: stdout all=warning uptime,level,tags
 #1: stderr all=off uptime,level,tags

Environment Variables:
PATH=/Users/tannomisato/opt/anaconda3/condabin:/Library/Frameworks/Python.framework/Versions/3.10/bin:/usr/local/bin:/usr/bin:/bin:/usr/sbin:/sbin:/Library/Apple/usr/bin
SHELL=/bin/zsh
LC_CTYPE=en_CA.UTF-8

Signal Handlers:
   SIGSEGV: _ZL13crash_handleriP9__siginfoPv in libjvm.dylib, mask=11100110000111110111111111111111, flags=SA_RESTART|SA_SIGINFO
    SIGBUS: _ZL13crash_handleriP9__siginfoPv in libjvm.dylib, mask=11100110000111110111111111111111, flags=SA_RESTART|SA_SIGINFO
    SIGFPE: _ZL13crash_handleriP9__siginfoPv in libjvm.dylib, mask=11100110000111110111111111111111, flags=SA_RESTART|SA_SIGINFO
   SIGPIPE: _ZL17javaSignalHandleriP9__siginfoPv in libjvm.dylib, mask=11100110000111110111111111111111, flags=SA_RESTART|SA_SIGINFO
   SIGXFSZ: _ZL17javaSignalHandleriP9__siginfoPv in libjvm.dylib, mask=11100110000111110111111111111111, flags=SA_RESTART|SA_SIGINFO
    SIGILL: _ZL13crash_handleriP9__siginfoPv in libjvm.dylib, mask=11100110000111110111111111111111, flags=SA_RESTART|SA_SIGINFO
   SIGUSR2: _ZL10SR_handleriP9__siginfoP17__darwin_ucontext in libjvm.dylib, mask=00100000000000000000000000000000, flags=SA_RESTART|SA_SIGINFO
    SIGHUP: _ZL11UserHandleriPvS_ in libjvm.dylib, mask=11100110000111110111111111111111, flags=SA_RESTART|SA_SIGINFO
    SIGINT: _ZL11UserHandleriPvS_ in libjvm.dylib, mask=11100110000111110111111111111111, flags=SA_RESTART|SA_SIGINFO
   SIGTERM: _ZL11UserHandleriPvS_ in libjvm.dylib, mask=11100110000111110111111111111111, flags=SA_RESTART|SA_SIGINFO
   SIGQUIT: _ZL11UserHandleriPvS_ in libjvm.dylib, mask=11100110000111110111111111111111, flags=SA_RESTART|SA_SIGINFO
   SIGTRAP: _ZL13crash_handleriP9__siginfoPv in libjvm.dylib, mask=11100110000111110111111111111111, flags=SA_RESTART|SA_SIGINFO


---------------  S Y S T E M  ---------------

OS:
uname: Darwin 21.3.0 Darwin Kernel Version 21.3.0: Wed Jan  5 21:37:58 PST 2022; root:xnu-8019.80.24~20/RELEASE_X86_64 x86_64
OS uptime: 12 days 8:54 hours
rlimit (soft/hard): STACK 8192k/65532k , CORE 0k/infinity , NPROC 1392/2088 , NOFILE 10240/infinity , AS infinity/infinity , CPU infinity/infinity , DATA infinity/infinity , FSIZE infinity/infinity , MEMLOCK infinity/infinity , RSS infinity/infinity
load average: 3.72 5.90 5.44

CPU: total 4 (initial active 4) (2 cores per cpu, 2 threads per core) family 6 model 142 stepping 9 microcode 0xec, cx8, cmov, fxsr, ht, mmx, 3dnowpref, sse, sse2, sse3, ssse3, sse4.1, sse4.2, popcnt, lzcnt, tsc, tscinvbit, avx, avx2, aes, erms, clmul, bmi1, bmi2, rtm, adx, fma, vzeroupper, clflush, clflushopt

Memory: 4k page, physical 8388608k(39108k free), swap 5242880k(987648k free)

vm_info: Java HotSpot(TM) 64-Bit Server VM (17.0.2+8-LTS-86) for bsd-amd64 JRE (17.0.2+8-LTS-86), built on Dec  7 2021 21:56:25 by "mach5one" with clang Apple LLVM 12.0.0 (clang-1200.0.32.29)

END.
